[0.007s] Invoking command in '/home/ubuntu/Desktop/Ak8064_TEST/build/motor_driver': AMENT_PREFIX_PATH=/home/ubuntu/Desktop/Ak8064_TEST/install/can_interface:${AMENT_PREFIX_PATH} CMAKE_PREFIX_PATH=/home/ubuntu/Desktop/Ak8064_TEST/install/can_interface:/opt/ros/humble LD_LIBRARY_PATH=/home/ubuntu/Desktop/Ak8064_TEST/install/can_interface/lib:${LD_LIBRARY_PATH} /usr/bin/cmake --build /home/ubuntu/Desktop/Ak8064_TEST/build/motor_driver -- -j8 -l8
[0.052s] [35m[1mConsolidate compiler generated dependencies of target Test[0m
[0.073s] [ 20%] Built target TestMes
[0.073s] [ 40%] Built target ControlMotor
[0.073s] [ 50%] [32mBuilding CXX object CMakeFiles/Test.dir/src/22_5_Test.cpp.o[0m
[0.073s] [ 70%] Built target SetOMotor
[0.074s] [ 90%] Built target RPMTest
[2.238s] [01m[K/home/ubuntu/Desktop/Ak8064_TEST/src/motor_driver/src/22_5_Test.cpp:[m[K In member function â€˜[01m[Kvirtual void MotorController::handleCommand(const string&)[m[Kâ€™:
[2.239s] [01m[K/home/ubuntu/Desktop/Ak8064_TEST/src/motor_driver/src/22_5_Test.cpp:872:13:[m[K [01;31m[Kerror: [m[Kâ€˜[01m[Ktarget_position_[m[Kâ€™ was not declared in this scope; did you mean â€˜[01m[Ktarget_positions_[m[Kâ€™?
[2.239s]   872 |             [01;31m[Ktarget_position_[m[K = last_data_.position + step_;
[2.239s]       |             [01;31m[K^~~~~~~~~~~~~~~~[m[K
[2.239s]       |             [32m[Ktarget_positions_[m[K
[2.245s] [01m[K/home/ubuntu/Desktop/Ak8064_TEST/src/motor_driver/src/22_5_Test.cpp:886:13:[m[K [01;31m[Kerror: [m[Kâ€˜[01m[Ktarget_position_[m[Kâ€™ was not declared in this scope; did you mean â€˜[01m[Ktarget_positions_[m[Kâ€™?
[2.245s]   886 |             [01;31m[Ktarget_position_[m[K = last_data_.position - step_;
[2.245s]       |             [01;31m[K^~~~~~~~~~~~~~~~[m[K
[2.245s]       |             [32m[Ktarget_positions_[m[K
[2.252s] [01m[K/home/ubuntu/Desktop/Ak8064_TEST/src/motor_driver/src/22_5_Test.cpp:935:17:[m[K [01;31m[Kerror: [m[Kâ€˜[01m[Ktarget_position_[m[Kâ€™ was not declared in this scope; did you mean â€˜[01m[Ktarget_positions_[m[Kâ€™?
[2.252s]   935 |                 [01;31m[Ktarget_position_[m[K = resume_position;
[2.252s]       |                 [01;31m[K^~~~~~~~~~~~~~~~[m[K
[2.252s]       |                 [32m[Ktarget_positions_[m[K
[2.259s] [01m[K/home/ubuntu/Desktop/Ak8064_TEST/src/motor_driver/src/22_5_Test.cpp:[m[K In member function â€˜[01m[Kvirtual void MotorController::control(const MotorData&)[m[Kâ€™:
[2.259s] [01m[K/home/ubuntu/Desktop/Ak8064_TEST/src/motor_driver/src/22_5_Test.cpp:995:55:[m[K [01;31m[Kerror: [m[Kâ€˜[01m[Ktarget_position_[m[Kâ€™ was not declared in this scope; did you mean â€˜[01m[Ktarget_positions_[m[Kâ€™?
[2.259s]   995 |                     can_->setPositionSpeed(motor_id_, [01;31m[Ktarget_position_[m[K, static_cast<int>(speed_), static_cast<int>(accel_));
[2.259s]       |                                                       [01;31m[K^~~~~~~~~~~~~~~~[m[K
[2.260s]       |                                                       [32m[Ktarget_positions_[m[K
[2.274s] [01m[K/home/ubuntu/Desktop/Ak8064_TEST/src/motor_driver/src/22_5_Test.cpp:[m[K In member function â€˜[01m[Kvoid MotorController::initializeParameters()[m[Kâ€™:
[2.274s] [01m[K/home/ubuntu/Desktop/Ak8064_TEST/src/motor_driver/src/22_5_Test.cpp:1129:9:[m[K [01;31m[Kerror: [m[Kâ€˜[01m[KvalidateRPMStep[m[Kâ€™ was not declared in this scope; did you mean â€˜[01m[KvalidateStep[m[Kâ€™?
[2.274s]  1129 |         [01;31m[KvalidateRPMStep[m[K();
[2.274s]       |         [01;31m[K^~~~~~~~~~~~~~~[m[K
[2.274s]       |         [32m[KvalidateStep[m[K
[4.842s] gmake[2]: *** [CMakeFiles/Test.dir/build.make:76: CMakeFiles/Test.dir/src/22_5_Test.cpp.o] Error 1
[4.842s] gmake[1]: *** [CMakeFiles/Makefile2:197: CMakeFiles/Test.dir/all] Error 2
[4.842s] gmake: *** [Makefile:146: all] Error 2
[4.846s] Invoked command in '/home/ubuntu/Desktop/Ak8064_TEST/build/motor_driver' returned '2': AMENT_PREFIX_PATH=/home/ubuntu/Desktop/Ak8064_TEST/install/can_interface:${AMENT_PREFIX_PATH} CMAKE_PREFIX_PATH=/home/ubuntu/Desktop/Ak8064_TEST/install/can_interface:/opt/ros/humble LD_LIBRARY_PATH=/home/ubuntu/Desktop/Ak8064_TEST/install/can_interface/lib:${LD_LIBRARY_PATH} /usr/bin/cmake --build /home/ubuntu/Desktop/Ak8064_TEST/build/motor_driver -- -j8 -l8
