[01m[K/home/ubuntu/Desktop/Ak8064_TEST/src/motor_driver/src/22_5_Test.cpp:[m[K In function â€˜[01m[Kint main(int, char**)[m[Kâ€™:
[01m[K/home/ubuntu/Desktop/Ak8064_TEST/src/motor_driver/src/22_5_Test.cpp:595:5:[m[K [01;31m[Kerror: [m[Kâ€˜[01m[Krclcpp[m[Kâ€™ has not been declared
  595 |     [01;31m[Krclcpp[m[K::init(argc, argv);
      |     [01;31m[K^~~~~~[m[K
[01m[K/home/ubuntu/Desktop/Ak8064_TEST/src/motor_driver/src/22_5_Test.cpp:597:9:[m[K [01;31m[Kerror: [m[Kâ€˜[01m[Krclcpp[m[Kâ€™ has not been declared
  597 |         [01;31m[Krclcpp[m[K::spin(std::make_shared<MotorControlNode>());
      |         [01;31m[K^~~~~~[m[K
[01m[K/home/ubuntu/Desktop/Ak8064_TEST/src/motor_driver/src/22_5_Test.cpp:597:27:[m[K [01;31m[Kerror: [m[Kâ€˜[01m[Kmake_shared[m[Kâ€™ is not a member of â€˜[01m[Kstd[m[Kâ€™
  597 |         rclcpp::spin(std::[01;31m[Kmake_shared[m[K<MotorControlNode>());
      |                           [01;31m[K^~~~~~~~~~~[m[K
[01m[K/home/ubuntu/Desktop/Ak8064_TEST/src/motor_driver/src/22_5_Test.cpp:1:1:[m[K [01;36m[Knote: [m[Kâ€˜[01m[Kstd::make_shared[m[Kâ€™ is defined in header â€˜[01m[K<memory>[m[Kâ€™; did you forget to â€˜[01m[K#include <memory>[m[Kâ€™?
  +++ |+[32m[K#include <memory>[m[K
    1 | // #include "rclcpp/rclcpp.hpp"
[01m[K/home/ubuntu/Desktop/Ak8064_TEST/src/motor_driver/src/22_5_Test.cpp:597:39:[m[K [01;31m[Kerror: [m[Kâ€˜[01m[KMotorControlNode[m[Kâ€™ was not declared in this scope
  597 |         rclcpp::spin(std::make_shared<[01;31m[KMotorControlNode[m[K>());
      |                                       [01;31m[K^~~~~~~~~~~~~~~~[m[K
[01m[K/home/ubuntu/Desktop/Ak8064_TEST/src/motor_driver/src/22_5_Test.cpp:597:57:[m[K [01;31m[Kerror: [m[Kexpected primary-expression before â€˜[01m[K)[m[Kâ€™ token
  597 |         rclcpp::spin(std::make_shared<MotorControlNode>([01;31m[K)[m[K);
      |                                                         [01;31m[K^[m[K
[01m[K/home/ubuntu/Desktop/Ak8064_TEST/src/motor_driver/src/22_5_Test.cpp:598:34:[m[K [01;31m[Kerror: [m[Kexpected unqualified-id before â€˜[01m[K&[m[Kâ€™ token
  598 |     } catch (const std::exception[01;31m[K&[m[K e) {
      |                                  [01;31m[K^[m[K
[01m[K/home/ubuntu/Desktop/Ak8064_TEST/src/motor_driver/src/22_5_Test.cpp:598:34:[m[K [01;31m[Kerror: [m[Kexpected â€˜[01m[K)[m[Kâ€™ before â€˜[01m[K&[m[Kâ€™ token
  598 |     } catch [34m[K([m[Kconst std::exception[01;31m[K&[m[K e) {
      |             [34m[K~[m[K                    [01;31m[K^[m[K
      |                                  [32m[K)[m[K
[01m[K/home/ubuntu/Desktop/Ak8064_TEST/src/motor_driver/src/22_5_Test.cpp:598:34:[m[K [01;31m[Kerror: [m[Kexpected â€˜[01m[K{[m[Kâ€™ before â€˜[01m[K&[m[Kâ€™ token
[01m[K/home/ubuntu/Desktop/Ak8064_TEST/src/motor_driver/src/22_5_Test.cpp:598:36:[m[K [01;31m[Kerror: [m[Kâ€˜[01m[Ke[m[Kâ€™ was not declared in this scope
  598 |     } catch (const std::exception& [01;31m[Ke[m[K) {
      |                                    [01;31m[K^[m[K
[01m[K/home/ubuntu/Desktop/Ak8064_TEST/src/motor_driver/src/22_5_Test.cpp:601:5:[m[K [01;31m[Kerror: [m[Kâ€˜[01m[Krclcpp[m[Kâ€™ has not been declared
  601 |     [01;31m[Krclcpp[m[K::shutdown();
      |     [01;31m[K^~~~~~[m[K
gmake[2]: *** [CMakeFiles/Test.dir/build.make:76: CMakeFiles/Test.dir/src/22_5_Test.cpp.o] Error 1
gmake[1]: *** [CMakeFiles/Makefile2:193: CMakeFiles/Test.dir/all] Error 2
gmake: *** [Makefile:146: all] Error 2
