[0.006s] Invoking command in '/home/ubuntu/Desktop/Ak8064_TEST/build/motor_driver': AMENT_PREFIX_PATH=/home/ubuntu/Desktop/Ak8064_TEST/install/can_interface:${AMENT_PREFIX_PATH} CMAKE_PREFIX_PATH=/home/ubuntu/Desktop/Ak8064_TEST/install/can_interface:/opt/ros/humble LD_LIBRARY_PATH=/home/ubuntu/Desktop/Ak8064_TEST/install/can_interface/lib:${LD_LIBRARY_PATH} /usr/bin/cmake --build /home/ubuntu/Desktop/Ak8064_TEST/build/motor_driver -- -j8 -l8
[0.039s] [35m[1mConsolidate compiler generated dependencies of target Test[0m
[0.049s] [ 16%] [32mBuilding CXX object CMakeFiles/Test.dir/src/22_5_Test.cpp.o[0m
[0.052s] [ 83%] Built target SetOMotor
[0.053s] [ 83%] Built target ControlMotor
[0.059s] [01m[K/home/ubuntu/Desktop/Ak8064_TEST/src/motor_driver/src/22_5_Test.cpp:[m[K In function â€˜[01m[Kint main(int, char**)[m[Kâ€™:
[0.059s] [01m[K/home/ubuntu/Desktop/Ak8064_TEST/src/motor_driver/src/22_5_Test.cpp:595:5:[m[K [01;31m[Kerror: [m[Kâ€˜[01m[Krclcpp[m[Kâ€™ has not been declared
[0.059s]   595 |     [01;31m[Krclcpp[m[K::init(argc, argv);
[0.059s]       |     [01;31m[K^~~~~~[m[K
[0.059s] [01m[K/home/ubuntu/Desktop/Ak8064_TEST/src/motor_driver/src/22_5_Test.cpp:597:9:[m[K [01;31m[Kerror: [m[Kâ€˜[01m[Krclcpp[m[Kâ€™ has not been declared
[0.059s]   597 |         [01;31m[Krclcpp[m[K::spin(std::make_shared<MotorControlNode>());
[0.059s]       |         [01;31m[K^~~~~~[m[K
[0.059s] [01m[K/home/ubuntu/Desktop/Ak8064_TEST/src/motor_driver/src/22_5_Test.cpp:597:27:[m[K [01;31m[Kerror: [m[Kâ€˜[01m[Kmake_shared[m[Kâ€™ is not a member of â€˜[01m[Kstd[m[Kâ€™
[0.059s]   597 |         rclcpp::spin(std::[01;31m[Kmake_shared[m[K<MotorControlNode>());
[0.060s]       |                           [01;31m[K^~~~~~~~~~~[m[K
[0.060s] [01m[K/home/ubuntu/Desktop/Ak8064_TEST/src/motor_driver/src/22_5_Test.cpp:1:1:[m[K [01;36m[Knote: [m[Kâ€˜[01m[Kstd::make_shared[m[Kâ€™ is defined in header â€˜[01m[K<memory>[m[Kâ€™; did you forget to â€˜[01m[K#include <memory>[m[Kâ€™?
[0.060s]   +++ |+[32m[K#include <memory>[m[K
[0.060s]     1 | // #include "rclcpp/rclcpp.hpp"
[0.060s] [01m[K/home/ubuntu/Desktop/Ak8064_TEST/src/motor_driver/src/22_5_Test.cpp:597:39:[m[K [01;31m[Kerror: [m[Kâ€˜[01m[KMotorControlNode[m[Kâ€™ was not declared in this scope
[0.060s]   597 |         rclcpp::spin(std::make_shared<[01;31m[KMotorControlNode[m[K>());
[0.060s]       |                                       [01;31m[K^~~~~~~~~~~~~~~~[m[K
[0.060s] [01m[K/home/ubuntu/Desktop/Ak8064_TEST/src/motor_driver/src/22_5_Test.cpp:597:57:[m[K [01;31m[Kerror: [m[Kexpected primary-expression before â€˜[01m[K)[m[Kâ€™ token
[0.060s]   597 |         rclcpp::spin(std::make_shared<MotorControlNode>([01;31m[K)[m[K);
[0.060s]       |                                                         [01;31m[K^[m[K
[0.060s] [01m[K/home/ubuntu/Desktop/Ak8064_TEST/src/motor_driver/src/22_5_Test.cpp:598:34:[m[K [01;31m[Kerror: [m[Kexpected unqualified-id before â€˜[01m[K&[m[Kâ€™ token
[0.060s]   598 |     } catch (const std::exception[01;31m[K&[m[K e) {
[0.061s]       |                                  [01;31m[K^[m[K
[0.061s] [01m[K/home/ubuntu/Desktop/Ak8064_TEST/src/motor_driver/src/22_5_Test.cpp:598:34:[m[K [01;31m[Kerror: [m[Kexpected â€˜[01m[K)[m[Kâ€™ before â€˜[01m[K&[m[Kâ€™ token
[0.061s]   598 |     } catch [34m[K([m[Kconst std::exception[01;31m[K&[m[K e) {
[0.061s]       |             [34m[K~[m[K                    [01;31m[K^[m[K
[0.061s]       |                                  [32m[K)[m[K
[0.061s] [01m[K/home/ubuntu/Desktop/Ak8064_TEST/src/motor_driver/src/22_5_Test.cpp:598:34:[m[K [01;31m[Kerror: [m[Kexpected â€˜[01m[K{[m[Kâ€™ before â€˜[01m[K&[m[Kâ€™ token
[0.061s] [01m[K/home/ubuntu/Desktop/Ak8064_TEST/src/motor_driver/src/22_5_Test.cpp:598:36:[m[K [01;31m[Kerror: [m[Kâ€˜[01m[Ke[m[Kâ€™ was not declared in this scope
[0.061s]   598 |     } catch (const std::exception& [01;31m[Ke[m[K) {
[0.061s]       |                                    [01;31m[K^[m[K
[0.062s] [01m[K/home/ubuntu/Desktop/Ak8064_TEST/src/motor_driver/src/22_5_Test.cpp:601:5:[m[K [01;31m[Kerror: [m[Kâ€˜[01m[Krclcpp[m[Kâ€™ has not been declared
[0.062s]   601 |     [01;31m[Krclcpp[m[K::shutdown();
[0.062s]       |     [01;31m[K^~~~~~[m[K
[0.062s] gmake[2]: *** [CMakeFiles/Test.dir/build.make:76: CMakeFiles/Test.dir/src/22_5_Test.cpp.o] Error 1
[0.062s] gmake[1]: *** [CMakeFiles/Makefile2:193: CMakeFiles/Test.dir/all] Error 2
[0.062s] gmake: *** [Makefile:146: all] Error 2
[0.064s] Invoked command in '/home/ubuntu/Desktop/Ak8064_TEST/build/motor_driver' returned '2': AMENT_PREFIX_PATH=/home/ubuntu/Desktop/Ak8064_TEST/install/can_interface:${AMENT_PREFIX_PATH} CMAKE_PREFIX_PATH=/home/ubuntu/Desktop/Ak8064_TEST/install/can_interface:/opt/ros/humble LD_LIBRARY_PATH=/home/ubuntu/Desktop/Ak8064_TEST/install/can_interface/lib:${LD_LIBRARY_PATH} /usr/bin/cmake --build /home/ubuntu/Desktop/Ak8064_TEST/build/motor_driver -- -j8 -l8
