[0.007s] Invoking command in '/home/ubuntu/Desktop/Ak8064_TEST/build/motor_driver': AMENT_PREFIX_PATH=/home/ubuntu/Desktop/Ak8064_TEST/install/can_interface:${AMENT_PREFIX_PATH} CMAKE_PREFIX_PATH=/home/ubuntu/Desktop/Ak8064_TEST/install/can_interface:/opt/ros/humble LD_LIBRARY_PATH=/home/ubuntu/Desktop/Ak8064_TEST/install/can_interface/lib:${LD_LIBRARY_PATH} /usr/bin/cmake --build /home/ubuntu/Desktop/Ak8064_TEST/build/motor_driver -- -j8 -l8
[0.039s] -- Found ament_cmake: 1.3.11 (/opt/ros/humble/share/ament_cmake/cmake)
[0.145s] -- Found rclcpp: 16.0.12 (/opt/ros/humble/share/rclcpp/cmake)
[0.173s] -- Found rosidl_generator_c: 3.1.6 (/opt/ros/humble/share/rosidl_generator_c/cmake)
[0.175s] -- Found rosidl_adapter: 3.1.6 (/opt/ros/humble/share/rosidl_adapter/cmake)
[0.182s] -- Found rosidl_generator_cpp: 3.1.6 (/opt/ros/humble/share/rosidl_generator_cpp/cmake)
[0.190s] -- Using all available rosidl_typesupport_c: rosidl_typesupport_fastrtps_c;rosidl_typesupport_introspection_c
[0.200s] -- Using all available rosidl_typesupport_cpp: rosidl_typesupport_fastrtps_cpp;rosidl_typesupport_introspection_cpp
[0.233s] -- Found rmw_implementation_cmake: 6.1.2 (/opt/ros/humble/share/rmw_implementation_cmake/cmake)
[0.235s] -- Found rmw_cyclonedds_cpp: 1.3.4 (/opt/ros/humble/share/rmw_cyclonedds_cpp/cmake)
[0.252s] -- Using RMW implementation 'rmw_cyclonedds_cpp' as default
[0.301s] -- Found can_interface: 0.0.1 (/home/ubuntu/Desktop/Ak8064_TEST/install/can_interface/share/can_interface/cmake)
[0.360s] -- Configuring done
[0.378s] -- Generating done
[0.384s] -- Build files have been written to: /home/ubuntu/Desktop/Ak8064_TEST/build/motor_driver
[0.406s] [35m[1mConsolidate compiler generated dependencies of target Test[0m
[0.408s] [35m[1mConsolidate compiler generated dependencies of target ControlMotor[0m
[0.408s] [35m[1mConsolidate compiler generated dependencies of target SetOMotor[0m
[0.435s] [ 50%] [32mBuilding CXX object CMakeFiles/ControlMotor.dir/src/ControlMotor.cpp.o[0m
[0.435s] [ 50%] Built target SetOMotor
[0.436s] [ 66%] [32mBuilding CXX object CMakeFiles/Test.dir/src/22_5_Test.cpp.o[0m
[2.733s] [01m[K/home/ubuntu/Desktop/Ak8064_TEST/src/motor_driver/src/22_5_Test.cpp:[m[K In member function â€˜[01m[Kvirtual void InitializingState::control(MotorController&, const MotorData&)[m[Kâ€™:
[2.733s] [01m[K/home/ubuntu/Desktop/Ak8064_TEST/src/motor_driver/src/22_5_Test.cpp:727:56:[m[K [01;31m[Kerror: [m[Kincomplete type â€˜[01m[KMotorController[m[Kâ€™ used in nested name specifier
[2.733s]   727 |         if (std::abs(data.position) < MotorController::[01;31m[KPOSITION_TOLERANCE[m[K &&
[2.733s]       |                                                        [01;31m[K^~~~~~~~~~~~~~~~~~[m[K
[2.733s] [01m[K/home/ubuntu/Desktop/Ak8064_TEST/src/motor_driver/src/22_5_Test.cpp:728:56:[m[K [01;31m[Kerror: [m[Kincomplete type â€˜[01m[KMotorController[m[Kâ€™ used in nested name specifier
[2.733s]   728 |             std::abs(data.velocity) < MotorController::[01;31m[KVELOCITY_TOLERANCE[m[K) {
[2.733s]       |                                                        [01;31m[K^~~~~~~~~~~~~~~~~~[m[K
[2.733s] [01m[K/home/ubuntu/Desktop/Ak8064_TEST/src/motor_driver/src/22_5_Test.cpp:729:13:[m[K [01;31m[Kerror: [m[Kinvalid use of incomplete type â€˜[01m[Kclass MotorController[m[Kâ€™
[2.733s]   729 |             [01;31m[Kcontroller[m[K.setOriginSet(true);
[2.733s]       |             [01;31m[K^~~~~~~~~~[m[K
[2.733s] [01m[K/home/ubuntu/Desktop/Ak8064_TEST/src/motor_driver/src/22_5_Test.cpp:719:32:[m[K [01;36m[Knote: [m[Kforward declaration of â€˜[01m[Kclass MotorController[m[Kâ€™
[2.733s]   719 |     virtual void control(class [01;36m[KMotorController[m[K& controller, const MotorData& data) = 0;
[2.733s]       |                                [01;36m[K^~~~~~~~~~~~~~~[m[K
[2.733s] [01m[K/home/ubuntu/Desktop/Ak8064_TEST/src/motor_driver/src/22_5_Test.cpp:730:13:[m[K [01;31m[Kerror: [m[Kinvalid use of incomplete type â€˜[01m[Kclass MotorController[m[Kâ€™
[2.733s]   730 |             [01;31m[Kcontroller[m[K.transitionTo(std::make_unique<HomingState>());
[2.733s]       |             [01;31m[K^~~~~~~~~~[m[K
[2.733s] [01m[K/home/ubuntu/Desktop/Ak8064_TEST/src/motor_driver/src/22_5_Test.cpp:719:32:[m[K [01;36m[Knote: [m[Kforward declaration of â€˜[01m[Kclass MotorController[m[Kâ€™
[2.733s]   719 |     virtual void control(class [01;36m[KMotorController[m[K& controller, const MotorData& data) = 0;
[2.733s]       |                                [01;36m[K^~~~~~~~~~~~~~~[m[K
[2.750s] [01m[K/home/ubuntu/Desktop/Ak8064_TEST/src/motor_driver/src/22_5_Test.cpp:730:54:[m[K [01;31m[Kerror: [m[Kâ€˜[01m[KHomingState[m[Kâ€™ was not declared in this scope
[2.750s]   730 |             controller.transitionTo(std::make_unique<[01;31m[KHomingState[m[K>());
[2.750s]       |                                                      [01;31m[K^~~~~~~~~~~[m[K
[2.750s] [01m[K/home/ubuntu/Desktop/Ak8064_TEST/src/motor_driver/src/22_5_Test.cpp:730:66:[m[K [01;31m[Kerror: [m[Kno matching function for call to â€˜[01m[Kmake_unique<<expression error> >()[m[Kâ€™
[2.750s]   730 |             controller.transitionTo([01;31m[Kstd::make_unique<HomingState>()[m[K);
[2.750s]       |                                     [01;31m[K~~~~~~~~~~~~~~~~~~~~~~~~~~~~~^~[m[K
[2.750s] In file included from [01m[K/usr/include/c++/11/memory:76[m[K,
[2.750s]                  from [01m[K/opt/ros/humble/include/rclcpp/rclcpp/rclcpp.hpp:153[m[K,
[2.750s]                  from [01m[K/home/ubuntu/Desktop/Ak8064_TEST/src/motor_driver/src/22_5_Test.cpp:568[m[K:
[2.750s] [01m[K/usr/include/c++/11/bits/unique_ptr.h:961:5:[m[K [01;36m[Knote: [m[Kcandidate: â€˜[01m[Ktemplate<class _Tp, class ... _Args> typename std::_MakeUniq<_Tp>::__single_object std::make_unique(_Args&& ...)[m[Kâ€™
[2.750s]   961 |     [01;36m[Kmake_unique[m[K(_Args&&... __args)
[2.750s]       |     [01;36m[K^~~~~~~~~~~[m[K
[2.750s] [01m[K/usr/include/c++/11/bits/unique_ptr.h:961:5:[m[K [01;36m[Knote: [m[K  template argument deduction/substitution failed:
[2.751s] [01m[K/home/ubuntu/Desktop/Ak8064_TEST/src/motor_driver/src/22_5_Test.cpp:730:66:[m[K [01;31m[Kerror: [m[Ktemplate argument 1 is invalid
[2.751s]   730 |             controller.transitionTo([01;31m[Kstd::make_unique<HomingState>()[m[K);
[2.751s]       |                                     [01;31m[K~~~~~~~~~~~~~~~~~~~~~~~~~~~~~^~[m[K
[2.751s] In file included from [01m[K/usr/include/c++/11/memory:76[m[K,
[2.751s]                  from [01m[K/opt/ros/humble/include/rclcpp/rclcpp/rclcpp.hpp:153[m[K,
[2.751s]                  from [01m[K/home/ubuntu/Desktop/Ak8064_TEST/src/motor_driver/src/22_5_Test.cpp:568[m[K:
[2.751s] [01m[K/usr/include/c++/11/bits/unique_ptr.h:967:5:[m[K [01;36m[Knote: [m[Kcandidate: â€˜[01m[Ktemplate<class _Tp> typename std::_MakeUniq<_Tp>::__array std::make_unique(std::size_t)[m[Kâ€™
[2.751s]   967 |     [01;36m[Kmake_unique[m[K(size_t __num)
[2.752s]       |     [01;36m[K^~~~~~~~~~~[m[K
[2.752s] [01m[K/usr/include/c++/11/bits/unique_ptr.h:967:5:[m[K [01;36m[Knote: [m[K  template argument deduction/substitution failed:
[2.752s] [01m[K/home/ubuntu/Desktop/Ak8064_TEST/src/motor_driver/src/22_5_Test.cpp:730:66:[m[K [01;31m[Kerror: [m[Ktemplate argument 1 is invalid
[2.752s]   730 |             controller.transitionTo([01;31m[Kstd::make_unique<HomingState>()[m[K);
[2.752s]       |                                     [01;31m[K~~~~~~~~~~~~~~~~~~~~~~~~~~~~~^~[m[K
[2.752s] In file included from [01m[K/usr/include/c++/11/memory:76[m[K,
[2.752s]                  from [01m[K/opt/ros/humble/include/rclcpp/rclcpp/rclcpp.hpp:153[m[K,
[2.752s]                  from [01m[K/home/ubuntu/Desktop/Ak8064_TEST/src/motor_driver/src/22_5_Test.cpp:568[m[K:
[2.752s] [01m[K/usr/include/c++/11/bits/unique_ptr.h:973:5:[m[K [01;36m[Knote: [m[Kcandidate: â€˜[01m[Ktemplate<class _Tp, class ... _Args> typename std::_MakeUniq<_Tp>::__invalid_type std::make_unique(_Args&& ...)[m[Kâ€™ (deleted)
[2.752s]   973 |     [01;36m[Kmake_unique[m[K(_Args&&...) = delete;
[2.752s]       |     [01;36m[K^~~~~~~~~~~[m[K
[2.753s] [01m[K/usr/include/c++/11/bits/unique_ptr.h:973:5:[m[K [01;36m[Knote: [m[K  template argument deduction/substitution failed:
[2.753s] [01m[K/home/ubuntu/Desktop/Ak8064_TEST/src/motor_driver/src/22_5_Test.cpp:730:66:[m[K [01;31m[Kerror: [m[Ktemplate argument 1 is invalid
[2.753s]   730 |             controller.transitionTo([01;31m[Kstd::make_unique<HomingState>()[m[K);
[2.753s]       |                                     [01;31m[K~~~~~~~~~~~~~~~~~~~~~~~~~~~~~^~[m[K
[2.753s] [01m[K/home/ubuntu/Desktop/Ak8064_TEST/src/motor_driver/src/22_5_Test.cpp:[m[K In member function â€˜[01m[Kvirtual void HomingState::control(MotorController&, const MotorData&)[m[Kâ€™:
[2.753s] [01m[K/home/ubuntu/Desktop/Ak8064_TEST/src/motor_driver/src/22_5_Test.cpp:739:9:[m[K [01;31m[Kerror: [m[Kinvalid use of incomplete type â€˜[01m[Kclass MotorController[m[Kâ€™
[2.753s]   739 |         [01;31m[Kcontroller[m[K.getCAN()->setPositionSpeed(controller.getMotorId(), 0.0,
[2.753s]       |         [01;31m[K^~~~~~~~~~[m[K
[2.753s] [01m[K/home/ubuntu/Desktop/Ak8064_TEST/src/motor_driver/src/22_5_Test.cpp:719:32:[m[K [01;36m[Knote: [m[Kforward declaration of â€˜[01m[Kclass MotorController[m[Kâ€™
[2.753s]   719 |     virtual void control(class [01;36m[KMotorController[m[K& controller, const MotorData& data) = 0;
[2.753s]       |                                [01;36m[K^~~~~~~~~~~~~~~[m[K
[2.753s] [01m[K/home/ubuntu/Desktop/Ak8064_TEST/src/motor_driver/src/22_5_Test.cpp:739:47:[m[K [01;31m[Kerror: [m[Kinvalid use of incomplete type â€˜[01m[Kclass MotorController[m[Kâ€™
[2.753s]   739 |         controller.getCAN()->setPositionSpeed([01;31m[Kcontroller[m[K.getMotorId(), 0.0,
[2.753s]       |                                               [01;31m[K^~~~~~~~~~[m[K
[2.753s] [01m[K/home/ubuntu/Desktop/Ak8064_TEST/src/motor_driver/src/22_5_Test.cpp:719:32:[m[K [01;36m[Knote: [m[Kforward declaration of â€˜[01m[Kclass MotorController[m[Kâ€™
[2.753s]   719 |     virtual void control(class [01;36m[KMotorController[m[K& controller, const MotorData& data) = 0;
[2.753s]       |                                [01;36m[K^~~~~~~~~~~~~~~[m[K
[2.753s] [01m[K/home/ubuntu/Desktop/Ak8064_TEST/src/motor_driver/src/22_5_Test.cpp:740:46:[m[K [01;31m[Kerror: [m[Kinvalid use of incomplete type â€˜[01m[Kclass MotorController[m[Kâ€™
[2.753s]   740 |                                              [01;31m[Kcontroller[m[K.getSpeed(), controller.getAccel());
[2.753s]       |                                              [01;31m[K^~~~~~~~~~[m[K
[2.753s] [01m[K/home/ubuntu/Desktop/Ak8064_TEST/src/motor_driver/src/22_5_Test.cpp:719:32:[m[K [01;36m[Knote: [m[Kforward declaration of â€˜[01m[Kclass MotorController[m[Kâ€™
[2.754s]   719 |     virtual void control(class [01;36m[KMotorController[m[K& controller, const MotorData& data) = 0;
[2.754s]       |                                [01;36m[K^~~~~~~~~~~~~~~[m[K
[2.754s] [01m[K/home/ubuntu/Desktop/Ak8064_TEST/src/motor_driver/src/22_5_Test.cpp:740:69:[m[K [01;31m[Kerror: [m[Kinvalid use of incomplete type â€˜[01m[Kclass MotorController[m[Kâ€™
[2.754s]   740 |                                              controller.getSpeed(), [01;31m[Kcontroller[m[K.getAccel());
[2.754s]       |                                                                     [01;31m[K^~~~~~~~~~[m[K
[2.754s] [01m[K/home/ubuntu/Desktop/Ak8064_TEST/src/motor_driver/src/22_5_Test.cpp:719:32:[m[K [01;36m[Knote: [m[Kforward declaration of â€˜[01m[Kclass MotorController[m[Kâ€™
[2.754s]   719 |     virtual void control(class [01;36m[KMotorController[m[K& controller, const MotorData& data) = 0;
[2.754s]       |                                [01;36m[K^~~~~~~~~~~~~~~[m[K
[2.754s] [01m[K/home/ubuntu/Desktop/Ak8064_TEST/src/motor_driver/src/22_5_Test.cpp:741:56:[m[K [01;31m[Kerror: [m[Kincomplete type â€˜[01m[KMotorController[m[Kâ€™ used in nested name specifier
[2.754s]   741 |         if (std::abs(data.position) < MotorController::[01;31m[KPOSITION_TOLERANCE[m[K &&
[2.754s]       |                                                        [01;31m[K^~~~~~~~~~~~~~~~~~[m[K
[2.754s] [01m[K/home/ubuntu/Desktop/Ak8064_TEST/src/motor_driver/src/22_5_Test.cpp:742:56:[m[K [01;31m[Kerror: [m[Kincomplete type â€˜[01m[KMotorController[m[Kâ€™ used in nested name specifier
[2.754s]   742 |             std::abs(data.velocity) < MotorController::[01;31m[KVELOCITY_TOLERANCE[m[K) {
[2.754s]       |                                                        [01;31m[K^~~~~~~~~~~~~~~~~~[m[K
[2.754s] [01m[K/home/ubuntu/Desktop/Ak8064_TEST/src/motor_driver/src/22_5_Test.cpp:743:13:[m[K [01;31m[Kerror: [m[Kinvalid use of incomplete type â€˜[01m[Kclass MotorController[m[Kâ€™
[2.754s]   743 |             [01;31m[Kcontroller[m[K.setHome(true);
[2.754s]       |             [01;31m[K^~~~~~~~~~[m[K
[2.754s] [01m[K/home/ubuntu/Desktop/Ak8064_TEST/src/motor_driver/src/22_5_Test.cpp:719:32:[m[K [01;36m[Knote: [m[Kforward declaration of â€˜[01m[Kclass MotorController[m[Kâ€™
[2.754s]   719 |     virtual void control(class [01;36m[KMotorController[m[K& controller, const MotorData& data) = 0;
[2.754s]       |                                [01;36m[K^~~~~~~~~~~~~~~[m[K
[2.755s] [01m[K/home/ubuntu/Desktop/Ak8064_TEST/src/motor_driver/src/22_5_Test.cpp:744:13:[m[K [01;31m[Kerror: [m[Kinvalid use of incomplete type â€˜[01m[Kclass MotorController[m[Kâ€™
[2.755s]   744 |             [01;31m[Kcontroller[m[K.setTargetReached(true);
[2.755s]       |             [01;31m[K^~~~~~~~~~[m[K
[2.755s] [01m[K/home/ubuntu/Desktop/Ak8064_TEST/src/motor_driver/src/22_5_Test.cpp:719:32:[m[K [01;36m[Knote: [m[Kforward declaration of â€˜[01m[Kclass MotorController[m[Kâ€™
[2.755s]   719 |     virtual void control(class [01;36m[KMotorController[m[K& controller, const MotorData& data) = 0;
[2.755s]       |                                [01;36m[K^~~~~~~~~~~~~~~[m[K
[2.755s] In file included from [01m[K/opt/ros/humble/include/rclcpp/rclcpp/client.hpp:40[m[K,
[2.755s]                  from [01m[K/opt/ros/humble/include/rclcpp/rclcpp/callback_group.hpp:24[m[K,
[2.755s]                  from [01m[K/opt/ros/humble/include/rclcpp/rclcpp/any_executable.hpp:20[m[K,
[2.755s]                  from [01m[K/opt/ros/humble/include/rclcpp/rclcpp/memory_strategy.hpp:25[m[K,
[2.755s]                  from [01m[K/opt/ros/humble/include/rclcpp/rclcpp/memory_strategies.hpp:18[m[K,
[2.755s]                  from [01m[K/opt/ros/humble/include/rclcpp/rclcpp/executor_options.hpp:20[m[K,
[2.755s]                  from [01m[K/opt/ros/humble/include/rclcpp/rclcpp/executor.hpp:37[m[K,
[2.755s]                  from [01m[K/opt/ros/humble/include/rclcpp/rclcpp/executors/multi_threaded_executor.hpp:25[m[K,
[2.755s]                  from [01m[K/opt/ros/humble/include/rclcpp/rclcpp/executors.hpp:21[m[K,
[2.755s]                  from [01m[K/opt/ros/humble/include/rclcpp/rclcpp/rclcpp.hpp:155[m[K,
[2.755s]                  from [01m[K/home/ubuntu/Desktop/Ak8064_TEST/src/motor_driver/src/22_5_Test.cpp:568[m[K:
[2.755s] [01m[K/home/ubuntu/Desktop/Ak8064_TEST/src/motor_driver/src/22_5_Test.cpp:745:25:[m[K [01;31m[Kerror: [m[Kinvalid use of incomplete type â€˜[01m[Kclass MotorController[m[Kâ€™
[2.755s]   745 |             RCLCPP_INFO([01;31m[Kcontroller[m[K.getLogger(), "Motor 0x%02X reached Home Position!",
[2.755s]       |                         [01;31m[K^~~~~~~~~~[m[K
[2.756s] [01m[K/home/ubuntu/Desktop/Ak8064_TEST/src/motor_driver/src/22_5_Test.cpp:719:32:[m[K [01;36m[Knote: [m[Kforward declaration of â€˜[01m[Kclass MotorController[m[Kâ€™
[2.756s]   719 |     virtual void control(class [01;36m[KMotorController[m[K& controller, const MotorData& data) = 0;
[2.756s]       |                                [01;36m[K^~~~~~~~~~~~~~~[m[K
[2.756s] In file included from [01m[K/opt/ros/humble/include/rclcpp/rclcpp/client.hpp:40[m[K,
[2.756s]                  from [01m[K/opt/ros/humble/include/rclcpp/rclcpp/callback_group.hpp:24[m[K,
[2.756s]                  from [01m[K/opt/ros/humble/include/rclcpp/rclcpp/any_executable.hpp:20[m[K,
[2.756s]                  from [01m[K/opt/ros/humble/include/rclcpp/rclcpp/memory_strategy.hpp:25[m[K,
[2.756s]                  from [01m[K/opt/ros/humble/include/rclcpp/rclcpp/memory_strategies.hpp:18[m[K,
[2.756s]                  from [01m[K/opt/ros/humble/include/rclcpp/rclcpp/executor_options.hpp:20[m[K,
[2.756s]                  from [01m[K/opt/ros/humble/include/rclcpp/rclcpp/executor.hpp:37[m[K,
[2.756s]                  from [01m[K/opt/ros/humble/include/rclcpp/rclcpp/executors/multi_threaded_executor.hpp:25[m[K,
[2.756s]                  from [01m[K/opt/ros/humble/include/rclcpp/rclcpp/executors.hpp:21[m[K,
[2.756s]                  from [01m[K/opt/ros/humble/include/rclcpp/rclcpp/rclcpp.hpp:155[m[K,
[2.756s]                  from [01m[K/home/ubuntu/Desktop/Ak8064_TEST/src/motor_driver/src/22_5_Test.cpp:568[m[K:
[2.756s] [01m[K/home/ubuntu/Desktop/Ak8064_TEST/src/motor_driver/src/22_5_Test.cpp:745:25:[m[K [01;31m[Kerror: [m[Kinvalid use of incomplete type â€˜[01m[Kclass MotorController[m[Kâ€™
[2.756s]   745 |             RCLCPP_INFO([01;31m[Kcontroller[m[K.getLogger(), "Motor 0x%02X reached Home Position!",
[2.756s]       |                         [01;31m[K^~~~~~~~~~[m[K
[2.756s] [01m[K/home/ubuntu/Desktop/Ak8064_TEST/src/motor_driver/src/22_5_Test.cpp:719:32:[m[K [01;36m[Knote: [m[Kforward declaration of â€˜[01m[Kclass MotorController[m[Kâ€™
[2.757s]   719 |     virtual void control(class [01;36m[KMotorController[m[K& controller, const MotorData& data) = 0;
[2.757s]       |                                [01;36m[K^~~~~~~~~~~~~~~[m[K
[2.757s] In file included from [01m[K/opt/ros/humble/include/rclcpp/rclcpp/client.hpp:40[m[K,
[2.757s]                  from [01m[K/opt/ros/humble/include/rclcpp/rclcpp/callback_group.hpp:24[m[K,
[2.757s]                  from [01m[K/opt/ros/humble/include/rclcpp/rclcpp/any_executable.hpp:20[m[K,
[2.757s]                  from [01m[K/opt/ros/humble/include/rclcpp/rclcpp/memory_strategy.hpp:25[m[K,
[2.757s]                  from [01m[K/opt/ros/humble/include/rclcpp/rclcpp/memory_strategies.hpp:18[m[K,
[2.757s]                  from [01m[K/opt/ros/humble/include/rclcpp/rclcpp/executor_options.hpp:20[m[K,
[2.757s]                  from [01m[K/opt/ros/humble/include/rclcpp/rclcpp/executor.hpp:37[m[K,
[2.757s]                  from [01m[K/opt/ros/humble/include/rclcpp/rclcpp/executors/multi_threaded_executor.hpp:25[m[K,
[2.758s]                  from [01m[K/opt/ros/humble/include/rclcpp/rclcpp/executors.hpp:21[m[K,
[2.758s]                  from [01m[K/opt/ros/humble/include/rclcpp/rclcpp/rclcpp.hpp:155[m[K,
[2.758s]                  from [01m[K/home/ubuntu/Desktop/Ak8064_TEST/src/motor_driver/src/22_5_Test.cpp:568[m[K:
[2.758s] [01m[K/home/ubuntu/Desktop/Ak8064_TEST/src/motor_driver/src/22_5_Test.cpp:745:13:[m[K [01;31m[Kerror: [m[Ktemplate argument 1 is invalid
[2.758s]   745 |             [01;31m[KRCLCPP_INFO[m[K(controller.getLogger(), "Motor 0x%02X reached Home Position!",
[2.759s]       |             [01;31m[K^~~~~~~~~~~[m[K
[2.759s] [01m[K/home/ubuntu/Desktop/Ak8064_TEST/src/motor_driver/src/22_5_Test.cpp:745:13:[m[K [01;31m[Kerror: [m[Ktemplate argument 1 is invalid
[2.759s]   745 |             [01;31m[KRCLCPP_INFO[m[K(controller.getLogger(), "Motor 0x%02X reached Home Position!",
[2.759s]       |             [01;31m[K^~~~~~~~~~~[m[K
[2.759s] [01m[K/home/ubuntu/Desktop/Ak8064_TEST/src/motor_driver/src/22_5_Test.cpp:745:13:[m[K [01;31m[Kerror: [m[Ktemplate argument 1 is invalid
[2.759s]   745 |             [01;31m[KRCLCPP_INFO[m[K(controller.getLogger(), "Motor 0x%02X reached Home Position!",
[2.760s]       |             [01;31m[K^~~~~~~~~~~[m[K
[2.760s] In file included from [01m[K/opt/ros/humble/include/rclcpp/rclcpp/logging.hpp:24[m[K,
[2.760s]                  from [01m[K/opt/ros/humble/include/rclcpp/rclcpp/client.hpp:40[m[K,
[2.760s]                  from [01m[K/opt/ros/humble/include/rclcpp/rclcpp/callback_group.hpp:24[m[K,
[2.760s]                  from [01m[K/opt/ros/humble/include/rclcpp/rclcpp/any_executable.hpp:20[m[K,
[2.760s]                  from [01m[K/opt/ros/humble/include/rclcpp/rclcpp/memory_strategy.hpp:25[m[K,
[2.760s]                  from [01m[K/opt/ros/humble/include/rclcpp/rclcpp/memory_strategies.hpp:18[m[K,
[2.760s]                  from [01m[K/opt/ros/humble/include/rclcpp/rclcpp/executor_options.hpp:20[m[K,
[2.760s]                  from [01m[K/opt/ros/humble/include/rclcpp/rclcpp/executor.hpp:37[m[K,
[2.760s]                  from [01m[K/opt/ros/humble/include/rclcpp/rclcpp/executors/multi_threaded_executor.hpp:25[m[K,
[2.760s]                  from [01m[K/opt/ros/humble/include/rclcpp/rclcpp/executors.hpp:21[m[K,
[2.760s]                  from [01m[K/opt/ros/humble/include/rclcpp/rclcpp/rclcpp.hpp:155[m[K,
[2.761s]                  from [01m[K/home/ubuntu/Desktop/Ak8064_TEST/src/motor_driver/src/22_5_Test.cpp:568[m[K:
[2.761s] [01m[K/home/ubuntu/Desktop/Ak8064_TEST/src/motor_driver/src/22_5_Test.cpp:745:25:[m[K [01;31m[Kerror: [m[Kinvalid use of incomplete type â€˜[01m[Kclass MotorController[m[Kâ€™
[2.761s]   745 |             RCLCPP_INFO([01;31m[Kcontroller[m[K.getLogger(), "Motor 0x%02X reached Home Position!",
[2.761s]       |                         [01;31m[K^~~~~~~~~~[m[K
[2.761s] [01m[K/home/ubuntu/Desktop/Ak8064_TEST/src/motor_driver/src/22_5_Test.cpp:719:32:[m[K [01;36m[Knote: [m[Kforward declaration of â€˜[01m[Kclass MotorController[m[Kâ€™
[2.761s]   719 |     virtual void control(class [01;36m[KMotorController[m[K& controller, const MotorData& data) = 0;
[2.761s]       |                                [01;36m[K^~~~~~~~~~~~~~~[m[K
[2.761s] In file included from [01m[K/opt/ros/humble/include/rclcpp/rclcpp/logging.hpp:24[m[K,
[2.761s]                  from [01m[K/opt/ros/humble/include/rclcpp/rclcpp/client.hpp:40[m[K,
[2.761s]                  from [01m[K/opt/ros/humble/include/rclcpp/rclcpp/callback_group.hpp:24[m[K,
[2.761s]                  from [01m[K/opt/ros/humble/include/rclcpp/rclcpp/any_executable.hpp:20[m[K,
[2.761s]                  from [01m[K/opt/ros/humble/include/rclcpp/rclcpp/memory_strategy.hpp:25[m[K,
[2.762s]                  from [01m[K/opt/ros/humble/include/rclcpp/rclcpp/memory_strategies.hpp:18[m[K,
[2.762s]                  from [01m[K/opt/ros/humble/include/rclcpp/rclcpp/executor_options.hpp:20[m[K,
[2.762s]                  from [01m[K/opt/ros/humble/include/rclcpp/rclcpp/executor.hpp:37[m[K,
[2.762s]                  from [01m[K/opt/ros/humble/include/rclcpp/rclcpp/executors/multi_threaded_executor.hpp:25[m[K,
[2.762s]                  from [01m[K/opt/ros/humble/include/rclcpp/rclcpp/executors.hpp:21[m[K,
[2.762s]                  from [01m[K/opt/ros/humble/include/rclcpp/rclcpp/rclcpp.hpp:155[m[K,
[2.762s]                  from [01m[K/home/ubuntu/Desktop/Ak8064_TEST/src/motor_driver/src/22_5_Test.cpp:568[m[K:
[2.762s] [01m[K/home/ubuntu/Desktop/Ak8064_TEST/src/motor_driver/src/22_5_Test.cpp:745:25:[m[K [01;31m[Kerror: [m[Kinvalid use of incomplete type â€˜[01m[Kclass MotorController[m[Kâ€™
[2.762s]   745 |             RCLCPP_INFO([01;31m[Kcontroller[m[K.getLogger(), "Motor 0x%02X reached Home Position!",
[2.762s]       |                         [01;31m[K^~~~~~~~~~[m[K
[2.762s] [01m[K/home/ubuntu/Desktop/Ak8064_TEST/src/motor_driver/src/22_5_Test.cpp:719:32:[m[K [01;36m[Knote: [m[Kforward declaration of â€˜[01m[Kclass MotorController[m[Kâ€™
[2.763s]   719 |     virtual void control(class [01;36m[KMotorController[m[K& controller, const MotorData& data) = 0;
[2.763s]       |                                [01;36m[K^~~~~~~~~~~~~~~[m[K
[2.763s] In file included from [01m[K/opt/ros/humble/include/rclcpp/rclcpp/logging.hpp:24[m[K,
[2.763s]                  from [01m[K/opt/ros/humble/include/rclcpp/rclcpp/client.hpp:40[m[K,
[2.763s]                  from [01m[K/opt/ros/humble/include/rclcpp/rclcpp/callback_group.hpp:24[m[K,
[2.763s]                  from [01m[K/opt/ros/humble/include/rclcpp/rclcpp/any_executable.hpp:20[m[K,
[2.763s]                  from [01m[K/opt/ros/humble/include/rclcpp/rclcpp/memory_strategy.hpp:25[m[K,
[2.763s]                  from [01m[K/opt/ros/humble/include/rclcpp/rclcpp/memory_strategies.hpp:18[m[K,
[2.763s]                  from [01m[K/opt/ros/humble/include/rclcpp/rclcpp/executor_options.hpp:20[m[K,
[2.763s]                  from [01m[K/opt/ros/humble/include/rclcpp/rclcpp/executor.hpp:37[m[K,
[2.763s]                  from [01m[K/opt/ros/humble/include/rclcpp/rclcpp/executors/multi_threaded_executor.hpp:25[m[K,
[2.764s]                  from [01m[K/opt/ros/humble/include/rclcpp/rclcpp/executors.hpp:21[m[K,
[2.764s]                  from [01m[K/opt/ros/humble/include/rclcpp/rclcpp/rclcpp.hpp:155[m[K,
[2.764s]                  from [01m[K/home/ubuntu/Desktop/Ak8064_TEST/src/motor_driver/src/22_5_Test.cpp:568[m[K:
[2.764s] [01m[K/home/ubuntu/Desktop/Ak8064_TEST/src/motor_driver/src/22_5_Test.cpp:746:25:[m[K [01;31m[Kerror: [m[Kinvalid use of incomplete type â€˜[01m[Kclass MotorController[m[Kâ€™
[2.764s]   746 |                         [01;31m[Kcontroller[m[K.getMotorId());
[2.764s]       |                         [01;31m[K^~~~~~~~~~[m[K
[2.764s] [01m[K/home/ubuntu/Desktop/Ak8064_TEST/src/motor_driver/src/22_5_Test.cpp:719:32:[m[K [01;36m[Knote: [m[Kforward declaration of â€˜[01m[Kclass MotorController[m[Kâ€™
[2.764s]   719 |     virtual void control(class [01;36m[KMotorController[m[K& controller, const MotorData& data) = 0;
[2.764s]       |                                [01;36m[K^~~~~~~~~~~~~~~[m[K
[2.764s] [01m[K/home/ubuntu/Desktop/Ak8064_TEST/src/motor_driver/src/22_5_Test.cpp:747:13:[m[K [01;31m[Kerror: [m[Kinvalid use of incomplete type â€˜[01m[Kclass MotorController[m[Kâ€™
[2.764s]   747 |             [01;31m[Kcontroller[m[K.transitionTo(std::make_unique<MovingState>());
[2.765s]       |             [01;31m[K^~~~~~~~~~[m[K
[2.765s] [01m[K/home/ubuntu/Desktop/Ak8064_TEST/src/motor_driver/src/22_5_Test.cpp:719:32:[m[K [01;36m[Knote: [m[Kforward declaration of â€˜[01m[Kclass MotorController[m[Kâ€™
[2.765s]   719 |     virtual void control(class [01;36m[KMotorController[m[K& controller, const MotorData& data) = 0;
[2.765s]       |                                [01;36m[K^~~~~~~~~~~~~~~[m[K
[2.765s] [01m[K/home/ubuntu/Desktop/Ak8064_TEST/src/motor_driver/src/22_5_Test.cpp:747:54:[m[K [01;31m[Kerror: [m[Kâ€˜[01m[KMovingState[m[Kâ€™ was not declared in this scope; did you mean â€˜[01m[KHomingState[m[Kâ€™?
[2.765s]   747 |             controller.transitionTo(std::make_unique<[01;31m[KMovingState[m[K>());
[2.765s]       |                                                      [01;31m[K^~~~~~~~~~~[m[K
[2.765s]       |                                                      [32m[KHomingState[m[K
[2.765s] [01m[K/home/ubuntu/Desktop/Ak8064_TEST/src/motor_driver/src/22_5_Test.cpp:747:66:[m[K [01;31m[Kerror: [m[Kno matching function for call to â€˜[01m[Kmake_unique<<expression error> >()[m[Kâ€™
[2.765s]   747 |             controller.transitionTo([01;31m[Kstd::make_unique<MovingState>()[m[K);
[2.765s]       |                                     [01;31m[K~~~~~~~~~~~~~~~~~~~~~~~~~~~~~^~[m[K
[2.765s] In file included from [01m[K/usr/include/c++/11/memory:76[m[K,
[2.765s]                  from [01m[K/opt/ros/humble/include/rclcpp/rclcpp/rclcpp.hpp:153[m[K,
[2.765s]                  from [01m[K/home/ubuntu/Desktop/Ak8064_TEST/src/motor_driver/src/22_5_Test.cpp:568[m[K:
[2.766s] [01m[K/usr/include/c++/11/bits/unique_ptr.h:961:5:[m[K [01;36m[Knote: [m[Kcandidate: â€˜[01m[Ktemplate<class _Tp, class ... _Args> typename std::_MakeUniq<_Tp>::__single_object std::make_unique(_Args&& ...)[m[Kâ€™
[2.766s]   961 |     [01;36m[Kmake_unique[m[K(_Args&&... __args)
[2.766s]       |     [01;36m[K^~~~~~~~~~~[m[K
[2.766s] [01m[K/usr/include/c++/11/bits/unique_ptr.h:961:5:[m[K [01;36m[Knote: [m[K  template argument deduction/substitution failed:
[2.766s] [01m[K/home/ubuntu/Desktop/Ak8064_TEST/src/motor_driver/src/22_5_Test.cpp:747:66:[m[K [01;31m[Kerror: [m[Ktemplate argument 1 is invalid
[2.766s]   747 |             controller.transitionTo([01;31m[Kstd::make_unique<MovingState>()[m[K);
[2.766s]       |                                     [01;31m[K~~~~~~~~~~~~~~~~~~~~~~~~~~~~~^~[m[K
[2.766s] In file included from [01m[K/usr/include/c++/11/memory:76[m[K,
[2.766s]                  from [01m[K/opt/ros/humble/include/rclcpp/rclcpp/rclcpp.hpp:153[m[K,
[2.766s]                  from [01m[K/home/ubuntu/Desktop/Ak8064_TEST/src/motor_driver/src/22_5_Test.cpp:568[m[K:
[2.766s] [01m[K/usr/include/c++/11/bits/unique_ptr.h:967:5:[m[K [01;36m[Knote: [m[Kcandidate: â€˜[01m[Ktemplate<class _Tp> typename std::_MakeUniq<_Tp>::__array std::make_unique(std::size_t)[m[Kâ€™
[2.766s]   967 |     [01;36m[Kmake_unique[m[K(size_t __num)
[2.766s]       |     [01;36m[K^~~~~~~~~~~[m[K
[2.766s] [01m[K/usr/include/c++/11/bits/unique_ptr.h:967:5:[m[K [01;36m[Knote: [m[K  template argument deduction/substitution failed:
[2.767s] [01m[K/home/ubuntu/Desktop/Ak8064_TEST/src/motor_driver/src/22_5_Test.cpp:747:66:[m[K [01;31m[Kerror: [m[Ktemplate argument 1 is invalid
[2.767s]   747 |             controller.transitionTo([01;31m[Kstd::make_unique<MovingState>()[m[K);
[2.767s]       |                                     [01;31m[K~~~~~~~~~~~~~~~~~~~~~~~~~~~~~^~[m[K
[2.767s] In file included from [01m[K/usr/include/c++/11/memory:76[m[K,
[2.767s]                  from [01m[K/opt/ros/humble/include/rclcpp/rclcpp/rclcpp.hpp:153[m[K,
[2.767s]                  from [01m[K/home/ubuntu/Desktop/Ak8064_TEST/src/motor_driver/src/22_5_Test.cpp:568[m[K:
[2.767s] [01m[K/usr/include/c++/11/bits/unique_ptr.h:973:5:[m[K [01;36m[Knote: [m[Kcandidate: â€˜[01m[Ktemplate<class _Tp, class ... _Args> typename std::_MakeUniq<_Tp>::__invalid_type std::make_unique(_Args&& ...)[m[Kâ€™ (deleted)
[2.767s]   973 |     [01;36m[Kmake_unique[m[K(_Args&&...) = delete;
[2.767s]       |     [01;36m[K^~~~~~~~~~~[m[K
[2.767s] [01m[K/usr/include/c++/11/bits/unique_ptr.h:973:5:[m[K [01;36m[Knote: [m[K  template argument deduction/substitution failed:
[2.767s] [01m[K/home/ubuntu/Desktop/Ak8064_TEST/src/motor_driver/src/22_5_Test.cpp:747:66:[m[K [01;31m[Kerror: [m[Ktemplate argument 1 is invalid
[2.768s]   747 |             controller.transitionTo([01;31m[Kstd::make_unique<MovingState>()[m[K);
[2.768s]       |                                     [01;31m[K~~~~~~~~~~~~~~~~~~~~~~~~~~~~~^~[m[K
[2.768s] [01m[K/home/ubuntu/Desktop/Ak8064_TEST/src/motor_driver/src/22_5_Test.cpp:[m[K In member function â€˜[01m[Kvirtual void MovingState::control(MotorController&, const MotorData&)[m[Kâ€™:
[2.768s] [01m[K/home/ubuntu/Desktop/Ak8064_TEST/src/motor_driver/src/22_5_Test.cpp:756:13:[m[K [01;31m[Kerror: [m[Kinvalid use of incomplete type â€˜[01m[Kclass MotorController[m[Kâ€™
[2.768s]   756 |         if ([01;31m[Kcontroller[m[K.getTargetPositions().empty()) {
[2.768s]       |             [01;31m[K^~~~~~~~~~[m[K
[2.768s] [01m[K/home/ubuntu/Desktop/Ak8064_TEST/src/motor_driver/src/22_5_Test.cpp:719:32:[m[K [01;36m[Knote: [m[Kforward declaration of â€˜[01m[Kclass MotorController[m[Kâ€™
[2.768s]   719 |     virtual void control(class [01;36m[KMotorController[m[K& controller, const MotorData& data) = 0;
[2.768s]       |                                [01;36m[K^~~~~~~~~~~~~~~[m[K
[2.768s] In file included from [01m[K/opt/ros/humble/include/rclcpp/rclcpp/client.hpp:40[m[K,
[2.768s]                  from [01m[K/opt/ros/humble/include/rclcpp/rclcpp/callback_group.hpp:24[m[K,
[2.768s]                  from [01m[K/opt/ros/humble/include/rclcpp/rclcpp/any_executable.hpp:20[m[K,
[2.769s]                  from [01m[K/opt/ros/humble/include/rclcpp/rclcpp/memory_strategy.hpp:25[m[K,
[2.769s]                  from [01m[K/opt/ros/humble/include/rclcpp/rclcpp/memory_strategies.hpp:18[m[K,
[2.769s]                  from [01m[K/opt/ros/humble/include/rclcpp/rclcpp/executor_options.hpp:20[m[K,
[2.769s]                  from [01m[K/opt/ros/humble/include/rclcpp/rclcpp/executor.hpp:37[m[K,
[2.769s]                  from [01m[K/opt/ros/humble/include/rclcpp/rclcpp/executors/multi_threaded_executor.hpp:25[m[K,
[2.769s]                  from [01m[K/opt/ros/humble/include/rclcpp/rclcpp/executors.hpp:21[m[K,
[2.769s]                  from [01m[K/opt/ros/humble/include/rclcpp/rclcpp/rclcpp.hpp:155[m[K,
[2.769s]                  from [01m[K/home/ubuntu/Desktop/Ak8064_TEST/src/motor_driver/src/22_5_Test.cpp:568[m[K:
[2.769s] [01m[K/home/ubuntu/Desktop/Ak8064_TEST/src/motor_driver/src/22_5_Test.cpp:757:26:[m[K [01;31m[Kerror: [m[Kinvalid use of incomplete type â€˜[01m[Kclass MotorController[m[Kâ€™
[2.769s]   757 |             RCLCPP_ERROR([01;31m[Kcontroller[m[K.getLogger(), "Motor 0x%02X: target_positions is empty!",
[2.769s]       |                          [01;31m[K^~~~~~~~~~[m[K
[2.769s] [01m[K/home/ubuntu/Desktop/Ak8064_TEST/src/motor_driver/src/22_5_Test.cpp:719:32:[m[K [01;36m[Knote: [m[Kforward declaration of â€˜[01m[Kclass MotorController[m[Kâ€™
[2.769s]   719 |     virtual void control(class [01;36m[KMotorController[m[K& controller, const MotorData& data) = 0;
[2.770s]       |                                [01;36m[K^~~~~~~~~~~~~~~[m[K
[2.770s] In file included from [01m[K/opt/ros/humble/include/rclcpp/rclcpp/client.hpp:40[m[K,
[2.770s]                  from [01m[K/opt/ros/humble/include/rclcpp/rclcpp/callback_group.hpp:24[m[K,
[2.770s]                  from [01m[K/opt/ros/humble/include/rclcpp/rclcpp/any_executable.hpp:20[m[K,
[2.770s]                  from [01m[K/opt/ros/humble/include/rclcpp/rclcpp/memory_strategy.hpp:25[m[K,
[2.770s]                  from [01m[K/opt/ros/humble/include/rclcpp/rclcpp/memory_strategies.hpp:18[m[K,
[2.770s]                  from [01m[K/opt/ros/humble/include/rclcpp/rclcpp/executor_options.hpp:20[m[K,
[2.771s]                  from [01m[K/opt/ros/humble/include/rclcpp/rclcpp/executor.hpp:37[m[K,
[2.771s]                  from [01m[K/opt/ros/humble/include/rclcpp/rclcpp/executors/multi_threaded_executor.hpp:25[m[K,
[2.771s]                  from [01m[K/opt/ros/humble/include/rclcpp/rclcpp/executors.hpp:21[m[K,
[2.771s]                  from [01m[K/opt/ros/humble/include/rclcpp/rclcpp/rclcpp.hpp:155[m[K,
[2.771s]                  from [01m[K/home/ubuntu/Desktop/Ak8064_TEST/src/motor_driver/src/22_5_Test.cpp:568[m[K:
[2.771s] [01m[K/home/ubuntu/Desktop/Ak8064_TEST/src/motor_driver/src/22_5_Test.cpp:757:26:[m[K [01;31m[Kerror: [m[Kinvalid use of incomplete type â€˜[01m[Kclass MotorController[m[Kâ€™
[2.771s]   757 |             RCLCPP_ERROR([01;31m[Kcontroller[m[K.getLogger(), "Motor 0x%02X: target_positions is empty!",
[2.772s]       |                          [01;31m[K^~~~~~~~~~[m[K
[2.772s] [01m[K/home/ubuntu/Desktop/Ak8064_TEST/src/motor_driver/src/22_5_Test.cpp:719:32:[m[K [01;36m[Knote: [m[Kforward declaration of â€˜[01m[Kclass MotorController[m[Kâ€™
[2.772s]   719 |     virtual void control(class [01;36m[KMotorController[m[K& controller, const MotorData& data) = 0;
[2.772s]       |                                [01;36m[K^~~~~~~~~~~~~~~[m[K
[2.772s] In file included from [01m[K/opt/ros/humble/include/rclcpp/rclcpp/client.hpp:40[m[K,
[2.772s]                  from [01m[K/opt/ros/humble/include/rclcpp/rclcpp/callback_group.hpp:24[m[K,
[2.773s]                  from [01m[K/opt/ros/humble/include/rclcpp/rclcpp/any_executable.hpp:20[m[K,
[2.773s]                  from [01m[K/opt/ros/humble/include/rclcpp/rclcpp/memory_strategy.hpp:25[m[K,
[2.773s]                  from [01m[K/opt/ros/humble/include/rclcpp/rclcpp/memory_strategies.hpp:18[m[K,
[2.773s]                  from [01m[K/opt/ros/humble/include/rclcpp/rclcpp/executor_options.hpp:20[m[K,
[2.773s]                  from [01m[K/opt/ros/humble/include/rclcpp/rclcpp/executor.hpp:37[m[K,
[2.773s]                  from [01m[K/opt/ros/humble/include/rclcpp/rclcpp/executors/multi_threaded_executor.hpp:25[m[K,
[2.773s]                  from [01m[K/opt/ros/humble/include/rclcpp/rclcpp/executors.hpp:21[m[K,
[2.773s]                  from [01m[K/opt/ros/humble/include/rclcpp/rclcpp/rclcpp.hpp:155[m[K,
[2.773s]                  from [01m[K/home/ubuntu/Desktop/Ak8064_TEST/src/motor_driver/src/22_5_Test.cpp:568[m[K:
[2.773s] [01m[K/home/ubuntu/Desktop/Ak8064_TEST/src/motor_driver/src/22_5_Test.cpp:757:13:[m[K [01;31m[Kerror: [m[Ktemplate argument 1 is invalid
[2.773s]   757 |             [01;31m[KRCLCPP_ERROR[m[K(controller.getLogger(), "Motor 0x%02X: target_positions is empty!",
[2.774s]       |             [01;31m[K^~~~~~~~~~~~[m[K
[2.774s] [01m[K/home/ubuntu/Desktop/Ak8064_TEST/src/motor_driver/src/22_5_Test.cpp:757:13:[m[K [01;31m[Kerror: [m[Ktemplate argument 1 is invalid
[2.774s]   757 |             [01;31m[KRCLCPP_ERROR[m[K(controller.getLogger(), "Motor 0x%02X: target_positions is empty!",
[2.774s]       |             [01;31m[K^~~~~~~~~~~~[m[K
[2.774s] [01m[K/home/ubuntu/Desktop/Ak8064_TEST/src/motor_driver/src/22_5_Test.cpp:757:13:[m[K [01;31m[Kerror: [m[Ktemplate argument 1 is invalid
[2.774s]   757 |             [01;31m[KRCLCPP_ERROR[m[K(controller.getLogger(), "Motor 0x%02X: target_positions is empty!",
[2.774s]       |             [01;31m[K^~~~~~~~~~~~[m[K
[2.774s] In file included from [01m[K/opt/ros/humble/include/rclcpp/rclcpp/logging.hpp:24[m[K,
[2.774s]                  from [01m[K/opt/ros/humble/include/rclcpp/rclcpp/client.hpp:40[m[K,
[2.774s]                  from [01m[K/opt/ros/humble/include/rclcpp/rclcpp/callback_group.hpp:24[m[K,
[2.774s]                  from [01m[K/opt/ros/humble/include/rclcpp/rclcpp/any_executable.hpp:20[m[K,
[2.775s]                  from [01m[K/opt/ros/humble/include/rclcpp/rclcpp/memory_strategy.hpp:25[m[K,
[2.775s]                  from [01m[K/opt/ros/humble/include/rclcpp/rclcpp/memory_strategies.hpp:18[m[K,
[2.775s]                  from [01m[K/opt/ros/humble/include/rclcpp/rclcpp/executor_options.hpp:20[m[K,
[2.775s]                  from [01m[K/opt/ros/humble/include/rclcpp/rclcpp/executor.hpp:37[m[K,
[2.775s]                  from [01m[K/opt/ros/humble/include/rclcpp/rclcpp/executors/multi_threaded_executor.hpp:25[m[K,
[2.775s]                  from [01m[K/opt/ros/humble/include/rclcpp/rclcpp/executors.hpp:21[m[K,
[2.775s]                  from [01m[K/opt/ros/humble/include/rclcpp/rclcpp/rclcpp.hpp:155[m[K,
[2.775s]                  from [01m[K/home/ubuntu/Desktop/Ak8064_TEST/src/motor_driver/src/22_5_Test.cpp:568[m[K:
[2.775s] [01m[K/home/ubuntu/Desktop/Ak8064_TEST/src/motor_driver/src/22_5_Test.cpp:757:26:[m[K [01;31m[Kerror: [m[Kinvalid use of incomplete type â€˜[01m[Kclass MotorController[m[Kâ€™
[2.775s]   757 |             RCLCPP_ERROR([01;31m[Kcontroller[m[K.getLogger(), "Motor 0x%02X: target_positions is empty!",
[2.775s]       |                          [01;31m[K^~~~~~~~~~[m[K
[2.775s] [01m[K/home/ubuntu/Desktop/Ak8064_TEST/src/motor_driver/src/22_5_Test.cpp:719:32:[m[K [01;36m[Knote: [m[Kforward declaration of â€˜[01m[Kclass MotorController[m[Kâ€™
[2.776s]   719 |     virtual void control(class [01;36m[KMotorController[m[K& controller, const MotorData& data) = 0;
[2.776s]       |                                [01;36m[K^~~~~~~~~~~~~~~[m[K
[2.776s] In file included from [01m[K/opt/ros/humble/include/rclcpp/rclcpp/logging.hpp:24[m[K,
[2.776s]                  from [01m[K/opt/ros/humble/include/rclcpp/rclcpp/client.hpp:40[m[K,
[2.776s]                  from [01m[K/opt/ros/humble/include/rclcpp/rclcpp/callback_group.hpp:24[m[K,
[2.776s]                  from [01m[K/opt/ros/humble/include/rclcpp/rclcpp/any_executable.hpp:20[m[K,
[2.776s]                  from [01m[K/opt/ros/humble/include/rclcpp/rclcpp/memory_strategy.hpp:25[m[K,
[2.776s]                  from [01m[K/opt/ros/humble/include/rclcpp/rclcpp/memory_strategies.hpp:18[m[K,
[2.776s]                  from [01m[K/opt/ros/humble/include/rclcpp/rclcpp/executor_options.hpp:20[m[K,
[2.776s]                  from [01m[K/opt/ros/humble/include/rclcpp/rclcpp/executor.hpp:37[m[K,
[2.777s]                  from [01m[K/opt/ros/humble/include/rclcpp/rclcpp/executors/multi_threaded_executor.hpp:25[m[K,
[2.777s]                  from [01m[K/opt/ros/humble/include/rclcpp/rclcpp/executors.hpp:21[m[K,
[2.777s]                  from [01m[K/opt/ros/humble/include/rclcpp/rclcpp/rclcpp.hpp:155[m[K,
[2.777s]                  from [01m[K/home/ubuntu/Desktop/Ak8064_TEST/src/motor_driver/src/22_5_Test.cpp:568[m[K:
[2.777s] [01m[K/home/ubuntu/Desktop/Ak8064_TEST/src/motor_driver/src/22_5_Test.cpp:757:26:[m[K [01;31m[Kerror: [m[Kinvalid use of incomplete type â€˜[01m[Kclass MotorController[m[Kâ€™
[2.777s]   757 |             RCLCPP_ERROR([01;31m[Kcontroller[m[K.getLogger(), "Motor 0x%02X: target_positions is empty!",
[2.777s]       |                          [01;31m[K^~~~~~~~~~[m[K
[2.777s] [01m[K/home/ubuntu/Desktop/Ak8064_TEST/src/motor_driver/src/22_5_Test.cpp:719:32:[m[K [01;36m[Knote: [m[Kforward declaration of â€˜[01m[Kclass MotorController[m[Kâ€™
[2.777s]   719 |     virtual void control(class [01;36m[KMotorController[m[K& controller, const MotorData& data) = 0;
[2.777s]       |                                [01;36m[K^~~~~~~~~~~~~~~[m[K
[2.778s] In file included from [01m[K/opt/ros/humble/include/rclcpp/rclcpp/logging.hpp:24[m[K,
[2.778s]                  from [01m[K/opt/ros/humble/include/rclcpp/rclcpp/client.hpp:40[m[K,
[2.778s]                  from [01m[K/opt/ros/humble/include/rclcpp/rclcpp/callback_group.hpp:24[m[K,
[2.778s]                  from [01m[K/opt/ros/humble/include/rclcpp/rclcpp/any_executable.hpp:20[m[K,
[2.778s]                  from [01m[K/opt/ros/humble/include/rclcpp/rclcpp/memory_strategy.hpp:25[m[K,
[2.778s]                  from [01m[K/opt/ros/humble/include/rclcpp/rclcpp/memory_strategies.hpp:18[m[K,
[2.778s]                  from [01m[K/opt/ros/humble/include/rclcpp/rclcpp/executor_options.hpp:20[m[K,
[2.778s]                  from [01m[K/opt/ros/humble/include/rclcpp/rclcpp/executor.hpp:37[m[K,
[2.778s]                  from [01m[K/opt/ros/humble/include/rclcpp/rclcpp/executors/multi_threaded_executor.hpp:25[m[K,
[2.779s]                  from [01m[K/opt/ros/humble/include/rclcpp/rclcpp/executors.hpp:21[m[K,
[2.779s]                  from [01m[K/opt/ros/humble/include/rclcpp/rclcpp/rclcpp.hpp:155[m[K,
[2.779s]                  from [01m[K/home/ubuntu/Desktop/Ak8064_TEST/src/motor_driver/src/22_5_Test.cpp:568[m[K:
[2.779s] [01m[K/home/ubuntu/Desktop/Ak8064_TEST/src/motor_driver/src/22_5_Test.cpp:758:26:[m[K [01;31m[Kerror: [m[Kinvalid use of incomplete type â€˜[01m[Kclass MotorController[m[Kâ€™
[2.779s]   758 |                          [01;31m[Kcontroller[m[K.getMotorId());
[2.779s]       |                          [01;31m[K^~~~~~~~~~[m[K
[2.779s] [01m[K/home/ubuntu/Desktop/Ak8064_TEST/src/motor_driver/src/22_5_Test.cpp:719:32:[m[K [01;36m[Knote: [m[Kforward declaration of â€˜[01m[Kclass MotorController[m[Kâ€™
[2.779s]   719 |     virtual void control(class [01;36m[KMotorController[m[K& controller, const MotorData& data) = 0;
[2.779s]       |                                [01;36m[K^~~~~~~~~~~~~~~[m[K
[2.780s] [01m[K/home/ubuntu/Desktop/Ak8064_TEST/src/motor_driver/src/22_5_Test.cpp:759:13:[m[K [01;31m[Kerror: [m[Kinvalid use of incomplete type â€˜[01m[Kclass MotorController[m[Kâ€™
[2.780s]   759 |             [01;31m[Kcontroller[m[K.stop();
[2.780s]       |             [01;31m[K^~~~~~~~~~[m[K
[2.780s] [01m[K/home/ubuntu/Desktop/Ak8064_TEST/src/motor_driver/src/22_5_Test.cpp:719:32:[m[K [01;36m[Knote: [m[Kforward declaration of â€˜[01m[Kclass MotorController[m[Kâ€™
[2.780s]   719 |     virtual void control(class [01;36m[KMotorController[m[K& controller, const MotorData& data) = 0;
[2.780s]       |                                [01;36m[K^~~~~~~~~~~~~~~[m[K
[2.780s] [01m[K/home/ubuntu/Desktop/Ak8064_TEST/src/motor_driver/src/22_5_Test.cpp:760:13:[m[K [01;31m[Kerror: [m[Kinvalid use of incomplete type â€˜[01m[Kclass MotorController[m[Kâ€™
[2.780s]   760 |             [01;31m[Kcontroller[m[K.transitionTo(std::make_unique<StoppedState>());
[2.780s]       |             [01;31m[K^~~~~~~~~~[m[K
[2.781s] [01m[K/home/ubuntu/Desktop/Ak8064_TEST/src/motor_driver/src/22_5_Test.cpp:719:32:[m[K [01;36m[Knote: [m[Kforward declaration of â€˜[01m[Kclass MotorController[m[Kâ€™
[2.781s]   719 |     virtual void control(class [01;36m[KMotorController[m[K& controller, const MotorData& data) = 0;
[2.781s]       |                                [01;36m[K^~~~~~~~~~~~~~~[m[K
[2.781s] [01m[K/home/ubuntu/Desktop/Ak8064_TEST/src/motor_driver/src/22_5_Test.cpp:760:54:[m[K [01;31m[Kerror: [m[Kâ€˜[01m[KStoppedState[m[Kâ€™ was not declared in this scope
[2.781s]   760 |             controller.transitionTo(std::make_unique<[01;31m[KStoppedState[m[K>());
[2.781s]       |                                                      [01;31m[K^~~~~~~~~~~~[m[K
[2.781s] [01m[K/home/ubuntu/Desktop/Ak8064_TEST/src/motor_driver/src/22_5_Test.cpp:760:67:[m[K [01;31m[Kerror: [m[Kno matching function for call to â€˜[01m[Kmake_unique<<expression error> >()[m[Kâ€™
[2.781s]   760 |             controller.transitionTo([01;31m[Kstd::make_unique<StoppedState>()[m[K);
[2.781s]       |                                     [01;31m[K~~~~~~~~~~~~~~~~~~~~~~~~~~~~~~^~[m[K
[2.781s] In file included from [01m[K/usr/include/c++/11/memory:76[m[K,
[2.782s]                  from [01m[K/opt/ros/humble/include/rclcpp/rclcpp/rclcpp.hpp:153[m[K,
[2.782s]                  from [01m[K/home/ubuntu/Desktop/Ak8064_TEST/src/motor_driver/src/22_5_Test.cpp:568[m[K:
[2.782s] [01m[K/usr/include/c++/11/bits/unique_ptr.h:961:5:[m[K [01;36m[Knote: [m[Kcandidate: â€˜[01m[Ktemplate<class _Tp, class ... _Args> typename std::_MakeUniq<_Tp>::__single_object std::make_unique(_Args&& ...)[m[Kâ€™
[2.782s]   961 |     [01;36m[Kmake_unique[m[K(_Args&&... __args)
[2.782s]       |     [01;36m[K^~~~~~~~~~~[m[K
[2.782s] [01m[K/usr/include/c++/11/bits/unique_ptr.h:961:5:[m[K [01;36m[Knote: [m[K  template argument deduction/substitution failed:
[2.782s] [01m[K/home/ubuntu/Desktop/Ak8064_TEST/src/motor_driver/src/22_5_Test.cpp:760:67:[m[K [01;31m[Kerror: [m[Ktemplate argument 1 is invalid
[2.782s]   760 |             controller.transitionTo([01;31m[Kstd::make_unique<StoppedState>()[m[K);
[2.782s]       |                                     [01;31m[K~~~~~~~~~~~~~~~~~~~~~~~~~~~~~~^~[m[K
[2.782s] In file included from [01m[K/usr/include/c++/11/memory:76[m[K,
[2.783s]                  from [01m[K/opt/ros/humble/include/rclcpp/rclcpp/rclcpp.hpp:153[m[K,
[2.783s]                  from [01m[K/home/ubuntu/Desktop/Ak8064_TEST/src/motor_driver/src/22_5_Test.cpp:568[m[K:
[2.783s] [01m[K/usr/include/c++/11/bits/unique_ptr.h:967:5:[m[K [01;36m[Knote: [m[Kcandidate: â€˜[01m[Ktemplate<class _Tp> typename std::_MakeUniq<_Tp>::__array std::make_unique(std::size_t)[m[Kâ€™
[2.783s]   967 |     [01;36m[Kmake_unique[m[K(size_t __num)
[2.783s]       |     [01;36m[K^~~~~~~~~~~[m[K
[2.783s] [01m[K/usr/include/c++/11/bits/unique_ptr.h:967:5:[m[K [01;36m[Knote: [m[K  template argument deduction/substitution failed:
[2.783s] [01m[K/home/ubuntu/Desktop/Ak8064_TEST/src/motor_driver/src/22_5_Test.cpp:760:67:[m[K [01;31m[Kerror: [m[Ktemplate argument 1 is invalid
[2.783s]   760 |             controller.transitionTo([01;31m[Kstd::make_unique<StoppedState>()[m[K);
[2.783s]       |                                     [01;31m[K~~~~~~~~~~~~~~~~~~~~~~~~~~~~~~^~[m[K
[2.783s] In file included from [01m[K/usr/include/c++/11/memory:76[m[K,
[2.783s]                  from [01m[K/opt/ros/humble/include/rclcpp/rclcpp/rclcpp.hpp:153[m[K,
[2.784s]                  from [01m[K/home/ubuntu/Desktop/Ak8064_TEST/src/motor_driver/src/22_5_Test.cpp:568[m[K:
[2.784s] [01m[K/usr/include/c++/11/bits/unique_ptr.h:973:5:[m[K [01;36m[Knote: [m[Kcandidate: â€˜[01m[Ktemplate<class _Tp, class ... _Args> typename std::_MakeUniq<_Tp>::__invalid_type std::make_unique(_Args&& ...)[m[Kâ€™ (deleted)
[2.784s]   973 |     [01;36m[Kmake_unique[m[K(_Args&&...) = delete;
[2.784s]       |     [01;36m[K^~~~~~~~~~~[m[K
[2.784s] [01m[K/usr/include/c++/11/bits/unique_ptr.h:973:5:[m[K [01;36m[Knote: [m[K  template argument deduction/substitution failed:
[2.784s] [01m[K/home/ubuntu/Desktop/Ak8064_TEST/src/motor_driver/src/22_5_Test.cpp:760:67:[m[K [01;31m[Kerror: [m[Ktemplate argument 1 is invalid
[2.784s]   760 |             controller.transitionTo([01;31m[Kstd::make_unique<StoppedState>()[m[K);
[2.784s]       |                                     [01;31m[K~~~~~~~~~~~~~~~~~~~~~~~~~~~~~~^~[m[K
[2.784s] [01m[K/home/ubuntu/Desktop/Ak8064_TEST/src/motor_driver/src/22_5_Test.cpp:763:24:[m[K [01;31m[Kerror: [m[Kinvalid use of incomplete type â€˜[01m[Kclass MotorController[m[Kâ€™
[2.784s]   763 |         float target = [01;31m[Kcontroller[m[K.getTargetPositions()[controller.getCurrentTargetIndex()];
[2.784s]       |                        [01;31m[K^~~~~~~~~~[m[K
[2.784s] [01m[K/home/ubuntu/Desktop/Ak8064_TEST/src/motor_driver/src/22_5_Test.cpp:719:32:[m[K [01;36m[Knote: [m[Kforward declaration of â€˜[01m[Kclass MotorController[m[Kâ€™
[2.785s]   719 |     virtual void control(class [01;36m[KMotorController[m[K& controller, const MotorData& data) = 0;
[2.785s]       |                                [01;36m[K^~~~~~~~~~~~~~~[m[K
[2.785s] [01m[K/home/ubuntu/Desktop/Ak8064_TEST/src/motor_driver/src/22_5_Test.cpp:763:56:[m[K [01;31m[Kerror: [m[Kinvalid use of incomplete type â€˜[01m[Kclass MotorController[m[Kâ€™
[2.785s]   763 |         float target = controller.getTargetPositions()[[01;31m[Kcontroller[m[K.getCurrentTargetIndex()];
[2.785s]       |                                                        [01;31m[K^~~~~~~~~~[m[K
[2.785s] [01m[K/home/ubuntu/Desktop/Ak8064_TEST/src/motor_driver/src/22_5_Test.cpp:719:32:[m[K [01;36m[Knote: [m[Kforward declaration of â€˜[01m[Kclass MotorController[m[Kâ€™
[2.785s]   719 |     virtual void control(class [01;36m[KMotorController[m[K& controller, const MotorData& data) = 0;
[2.785s]       |                                [01;36m[K^~~~~~~~~~~~~~~[m[K
[2.785s] [01m[K/home/ubuntu/Desktop/Ak8064_TEST/src/motor_driver/src/22_5_Test.cpp:764:9:[m[K [01;31m[Kerror: [m[Kinvalid use of incomplete type â€˜[01m[Kclass MotorController[m[Kâ€™
[2.785s]   764 |         [01;31m[Kcontroller[m[K.getCAN()->setPositionSpeed(controller.getMotorId(), target,
[2.785s]       |         [01;31m[K^~~~~~~~~~[m[K
[2.785s] [01m[K/home/ubuntu/Desktop/Ak8064_TEST/src/motor_driver/src/22_5_Test.cpp:719:32:[m[K [01;36m[Knote: [m[Kforward declaration of â€˜[01m[Kclass MotorController[m[Kâ€™
[2.785s]   719 |     virtual void control(class [01;36m[KMotorController[m[K& controller, const MotorData& data) = 0;
[2.786s]       |                                [01;36m[K^~~~~~~~~~~~~~~[m[K
[2.786s] [01m[K/home/ubuntu/Desktop/Ak8064_TEST/src/motor_driver/src/22_5_Test.cpp:764:47:[m[K [01;31m[Kerror: [m[Kinvalid use of incomplete type â€˜[01m[Kclass MotorController[m[Kâ€™
[2.786s]   764 |         controller.getCAN()->setPositionSpeed([01;31m[Kcontroller[m[K.getMotorId(), target,
[2.786s]       |                                               [01;31m[K^~~~~~~~~~[m[K
[2.786s] [01m[K/home/ubuntu/Desktop/Ak8064_TEST/src/motor_driver/src/22_5_Test.cpp:719:32:[m[K [01;36m[Knote: [m[Kforward declaration of â€˜[01m[Kclass MotorController[m[Kâ€™
[2.786s]   719 |     virtual void control(class [01;36m[KMotorController[m[K& controller, const MotorData& data) = 0;
[2.786s]       |                                [01;36m[K^~~~~~~~~~~~~~~[m[K
[2.786s] [01m[K/home/ubuntu/Desktop/Ak8064_TEST/src/motor_driver/src/22_5_Test.cpp:765:46:[m[K [01;31m[Kerror: [m[Kinvalid use of incomplete type â€˜[01m[Kclass MotorController[m[Kâ€™
[2.786s]   765 |                                              [01;31m[Kcontroller[m[K.getSpeed(), controller.getAccel());
[2.786s]       |                                              [01;31m[K^~~~~~~~~~[m[K
[2.786s] [01m[K/home/ubuntu/Desktop/Ak8064_TEST/src/motor_driver/src/22_5_Test.cpp:719:32:[m[K [01;36m[Knote: [m[Kforward declaration of â€˜[01m[Kclass MotorController[m[Kâ€™
[2.786s]   719 |     virtual void control(class [01;36m[KMotorController[m[K& controller, const MotorData& data) = 0;
[2.787s]       |                                [01;36m[K^~~~~~~~~~~~~~~[m[K
[2.787s] [01m[K/home/ubuntu/Desktop/Ak8064_TEST/src/motor_driver/src/22_5_Test.cpp:765:69:[m[K [01;31m[Kerror: [m[Kinvalid use of incomplete type â€˜[01m[Kclass MotorController[m[Kâ€™
[2.787s]   765 |                                              controller.getSpeed(), [01;31m[Kcontroller[m[K.getAccel());
[2.787s]       |                                                                     [01;31m[K^~~~~~~~~~[m[K
[2.787s] [01m[K/home/ubuntu/Desktop/Ak8064_TEST/src/motor_driver/src/22_5_Test.cpp:719:32:[m[K [01;36m[Knote: [m[Kforward declaration of â€˜[01m[Kclass MotorController[m[Kâ€™
[2.787s]   719 |     virtual void control(class [01;36m[KMotorController[m[K& controller, const MotorData& data) = 0;
[2.787s]       |                                [01;36m[K^~~~~~~~~~~~~~~[m[K
[2.787s] [01m[K/home/ubuntu/Desktop/Ak8064_TEST/src/motor_driver/src/22_5_Test.cpp:766:79:[m[K [01;31m[Kerror: [m[Kincomplete type â€˜[01m[KMotorController[m[Kâ€™ used in nested name specifier
[2.787s]   766 |         bool is_reached = std::abs(data.position - target) < MotorController::[01;31m[KPOSITION_TOLERANCE[m[K;
[2.787s]       |                                                                               [01;31m[K^~~~~~~~~~~~~~~~~~[m[K
[2.787s] [01m[K/home/ubuntu/Desktop/Ak8064_TEST/src/motor_driver/src/22_5_Test.cpp:768:13:[m[K [01;31m[Kerror: [m[Kinvalid use of incomplete type â€˜[01m[Kclass MotorController[m[Kâ€™
[2.787s]   768 |             [01;31m[Kcontroller[m[K.incrementReachCounter();
[2.788s]       |             [01;31m[K^~~~~~~~~~[m[K
[2.788s] [01m[K/home/ubuntu/Desktop/Ak8064_TEST/src/motor_driver/src/22_5_Test.cpp:719:32:[m[K [01;36m[Knote: [m[Kforward declaration of â€˜[01m[Kclass MotorController[m[Kâ€™
[2.788s]   719 |     virtual void control(class [01;36m[KMotorController[m[K& controller, const MotorData& data) = 0;
[2.788s]       |                                [01;36m[K^~~~~~~~~~~~~~~[m[K
[2.788s] [01m[K/home/ubuntu/Desktop/Ak8064_TEST/src/motor_driver/src/22_5_Test.cpp:769:17:[m[K [01;31m[Kerror: [m[Kinvalid use of incomplete type â€˜[01m[Kclass MotorController[m[Kâ€™
[2.788s]   769 |             if ([01;31m[Kcontroller[m[K.getReachCounter() >= controller.getReachCountMax()) {
[2.788s]       |                 [01;31m[K^~~~~~~~~~[m[K
[2.788s] [01m[K/home/ubuntu/Desktop/Ak8064_TEST/src/motor_driver/src/22_5_Test.cpp:719:32:[m[K [01;36m[Knote: [m[Kforward declaration of â€˜[01m[Kclass MotorController[m[Kâ€™
[2.788s]   719 |     virtual void control(class [01;36m[KMotorController[m[K& controller, const MotorData& data) = 0;
[2.788s]       |                                [01;36m[K^~~~~~~~~~~~~~~[m[K
[2.788s] [01m[K/home/ubuntu/Desktop/Ak8064_TEST/src/motor_driver/src/22_5_Test.cpp:769:49:[m[K [01;31m[Kerror: [m[Kinvalid use of incomplete type â€˜[01m[Kclass MotorController[m[Kâ€™
[2.789s]   769 |             if (controller.getReachCounter() >= [01;31m[Kcontroller[m[K.getReachCountMax()) {
[2.789s]       |                                                 [01;31m[K^~~~~~~~~~[m[K
[2.789s] [01m[K/home/ubuntu/Desktop/Ak8064_TEST/src/motor_driver/src/22_5_Test.cpp:719:32:[m[K [01;36m[Knote: [m[Kforward declaration of â€˜[01m[Kclass MotorController[m[Kâ€™
[2.789s]   719 |     virtual void control(class [01;36m[KMotorController[m[K& controller, const MotorData& data) = 0;
[2.789s]       |                                [01;36m[K^~~~~~~~~~~~~~~[m[K
[2.789s] [01m[K/home/ubuntu/Desktop/Ak8064_TEST/src/motor_driver/src/22_5_Test.cpp:770:17:[m[K [01;31m[Kerror: [m[Kinvalid use of incomplete type â€˜[01m[Kclass MotorController[m[Kâ€™
[2.789s]   770 |                 [01;31m[Kcontroller[m[K.resetReachCounter();
[2.789s]       |                 [01;31m[K^~~~~~~~~~[m[K
[2.789s] [01m[K/home/ubuntu/Desktop/Ak8064_TEST/src/motor_driver/src/22_5_Test.cpp:719:32:[m[K [01;36m[Knote: [m[Kforward declaration of â€˜[01m[Kclass MotorController[m[Kâ€™
[2.789s]   719 |     virtual void control(class [01;36m[KMotorController[m[K& controller, const MotorData& data) = 0;
[2.789s]       |                                [01;36m[K^~~~~~~~~~~~~~~[m[K
[2.789s] [01m[K/home/ubuntu/Desktop/Ak8064_TEST/src/motor_driver/src/22_5_Test.cpp:771:17:[m[K [01;31m[Kerror: [m[Kinvalid use of incomplete type â€˜[01m[Kclass MotorController[m[Kâ€™
[2.790s]   771 |                 [01;31m[Kcontroller[m[K.setTargetReached(true);
[2.790s]       |                 [01;31m[K^~~~~~~~~~[m[K
[2.790s] [01m[K/home/ubuntu/Desktop/Ak8064_TEST/src/motor_driver/src/22_5_Test.cpp:719:32:[m[K [01;36m[Knote: [m[Kforward declaration of â€˜[01m[Kclass MotorController[m[Kâ€™
[2.790s]   719 |     virtual void control(class [01;36m[KMotorController[m[K& controller, const MotorData& data) = 0;
[2.790s]       |                                [01;36m[K^~~~~~~~~~~~~~~[m[K
[2.790s] [01m[K/home/ubuntu/Desktop/Ak8064_TEST/src/motor_driver/src/22_5_Test.cpp:772:17:[m[K [01;31m[Kerror: [m[Kinvalid use of incomplete type â€˜[01m[Kclass MotorController[m[Kâ€™
[2.790s]   772 |                 [01;31m[Kcontroller[m[K.incrementTargetIndex();
[2.790s]       |                 [01;31m[K^~~~~~~~~~[m[K
[2.790s] [01m[K/home/ubuntu/Desktop/Ak8064_TEST/src/motor_driver/src/22_5_Test.cpp:719:32:[m[K [01;36m[Knote: [m[Kforward declaration of â€˜[01m[Kclass MotorController[m[Kâ€™
[2.790s]   719 |     virtual void control(class [01;36m[KMotorController[m[K& controller, const MotorData& data) = 0;
[2.790s]       |                                [01;36m[K^~~~~~~~~~~~~~~[m[K
[2.791s] [01m[K/home/ubuntu/Desktop/Ak8064_TEST/src/motor_driver/src/22_5_Test.cpp:773:21:[m[K [01;31m[Kerror: [m[Kinvalid use of incomplete type â€˜[01m[Kclass MotorController[m[Kâ€™
[2.791s]   773 |                 if ([01;31m[Kcontroller[m[K.getCurrentTargetIndex() >= controller.getTargetPositions().size()) {
[2.791s]       |                     [01;31m[K^~~~~~~~~~[m[K
[2.791s] [01m[K/home/ubuntu/Desktop/Ak8064_TEST/src/motor_driver/src/22_5_Test.cpp:719:32:[m[K [01;36m[Knote: [m[Kforward declaration of â€˜[01m[Kclass MotorController[m[Kâ€™
[2.791s]   719 |     virtual void control(class [01;36m[KMotorController[m[K& controller, const MotorData& data) = 0;
[2.791s]       |                                [01;36m[K^~~~~~~~~~~~~~~[m[K
[2.791s] [01m[K/home/ubuntu/Desktop/Ak8064_TEST/src/motor_driver/src/22_5_Test.cpp:773:59:[m[K [01;31m[Kerror: [m[Kinvalid use of incomplete type â€˜[01m[Kclass MotorController[m[Kâ€™
[2.791s]   773 |                 if (controller.getCurrentTargetIndex() >= [01;31m[Kcontroller[m[K.getTargetPositions().size()) {
[2.791s]       |                                                           [01;31m[K^~~~~~~~~~[m[K
[2.791s] [01m[K/home/ubuntu/Desktop/Ak8064_TEST/src/motor_driver/src/22_5_Test.cpp:719:32:[m[K [01;36m[Knote: [m[Kforward declaration of â€˜[01m[Kclass MotorController[m[Kâ€™
[2.792s]   719 |     virtual void control(class [01;36m[KMotorController[m[K& controller, const MotorData& data) = 0;
[2.792s]       |                                [01;36m[K^~~~~~~~~~~~~~~[m[K
[2.792s] [01m[K/home/ubuntu/Desktop/Ak8064_TEST/src/motor_driver/src/22_5_Test.cpp:774:21:[m[K [01;31m[Kerror: [m[Kinvalid use of incomplete type â€˜[01m[Kclass MotorController[m[Kâ€™
[2.792s]   774 |                     [01;31m[Kcontroller[m[K.setCurrentTargetIndex(controller.getTargetPositions().size() - 1);
[2.792s]       |                     [01;31m[K^~~~~~~~~~[m[K
[2.792s] [01m[K/home/ubuntu/Desktop/Ak8064_TEST/src/motor_driver/src/22_5_Test.cpp:719:32:[m[K [01;36m[Knote: [m[Kforward declaration of â€˜[01m[Kclass MotorController[m[Kâ€™
[2.792s]   719 |     virtual void control(class [01;36m[KMotorController[m[K& controller, const MotorData& data) = 0;
[2.792s]       |                                [01;36m[K^~~~~~~~~~~~~~~[m[K
[2.792s] [01m[K/home/ubuntu/Desktop/Ak8064_TEST/src/motor_driver/src/22_5_Test.cpp:774:54:[m[K [01;31m[Kerror: [m[Kinvalid use of incomplete type â€˜[01m[Kclass MotorController[m[Kâ€™
[2.792s]   774 |                     controller.setCurrentTargetIndex([01;31m[Kcontroller[m[K.getTargetPositions().size() - 1);
[2.792s]       |                                                      [01;31m[K^~~~~~~~~~[m[K
[2.793s] [01m[K/home/ubuntu/Desktop/Ak8064_TEST/src/motor_driver/src/22_5_Test.cpp:719:32:[m[K [01;36m[Knote: [m[Kforward declaration of â€˜[01m[Kclass MotorController[m[Kâ€™
[2.793s]   719 |     virtual void control(class [01;36m[KMotorController[m[K& controller, const MotorData& data) = 0;
[2.793s]       |                                [01;36m[K^~~~~~~~~~~~~~~[m[K
[2.793s] In file included from [01m[K/opt/ros/humble/include/rclcpp/rclcpp/client.hpp:40[m[K,
[2.793s]                  from [01m[K/opt/ros/humble/include/rclcpp/rclcpp/callback_group.hpp:24[m[K,
[2.793s]                  from [01m[K/opt/ros/humble/include/rclcpp/rclcpp/any_executable.hpp:20[m[K,
[2.793s]                  from [01m[K/opt/ros/humble/include/rclcpp/rclcpp/memory_strategy.hpp:25[m[K,
[2.793s]                  from [01m[K/opt/ros/humble/include/rclcpp/rclcpp/memory_strategies.hpp:18[m[K,
[2.793s]                  from [01m[K/opt/ros/humble/include/rclcpp/rclcpp/executor_options.hpp:20[m[K,
[2.793s]                  from [01m[K/opt/ros/humble/include/rclcpp/rclcpp/executor.hpp:37[m[K,
[2.793s]                  from [01m[K/opt/ros/humble/include/rclcpp/rclcpp/executors/multi_threaded_executor.hpp:25[m[K,
[2.793s]                  from [01m[K/opt/ros/humble/include/rclcpp/rclcpp/executors.hpp:21[m[K,
[2.793s]                  from [01m[K/opt/ros/humble/include/rclcpp/rclcpp/rclcpp.hpp:155[m[K,
[2.793s]                  from [01m[K/home/ubuntu/Desktop/Ak8064_TEST/src/motor_driver/src/22_5_Test.cpp:568[m[K:
[2.794s] [01m[K/home/ubuntu/Desktop/Ak8064_TEST/src/motor_driver/src/22_5_Test.cpp:775:33:[m[K [01;31m[Kerror: [m[Kinvalid use of incomplete type â€˜[01m[Kclass MotorController[m[Kâ€™
[2.794s]   775 |                     RCLCPP_INFO([01;31m[Kcontroller[m[K.getLogger(), "Motor 0x%02X: All targets reached.",
[2.794s]       |                                 [01;31m[K^~~~~~~~~~[m[K
[2.794s] [01m[K/home/ubuntu/Desktop/Ak8064_TEST/src/motor_driver/src/22_5_Test.cpp:719:32:[m[K [01;36m[Knote: [m[Kforward declaration of â€˜[01m[Kclass MotorController[m[Kâ€™
[2.794s]   719 |     virtual void control(class [01;36m[KMotorController[m[K& controller, const MotorData& data) = 0;
[2.794s]       |                                [01;36m[K^~~~~~~~~~~~~~~[m[K
[2.794s] In file included from [01m[K/opt/ros/humble/include/rclcpp/rclcpp/client.hpp:40[m[K,
[2.794s]                  from [01m[K/opt/ros/humble/include/rclcpp/rclcpp/callback_group.hpp:24[m[K,
[2.794s]                  from [01m[K/opt/ros/humble/include/rclcpp/rclcpp/any_executable.hpp:20[m[K,
[2.794s]                  from [01m[K/opt/ros/humble/include/rclcpp/rclcpp/memory_strategy.hpp:25[m[K,
[2.794s]                  from [01m[K/opt/ros/humble/include/rclcpp/rclcpp/memory_strategies.hpp:18[m[K,
[2.795s]                  from [01m[K/opt/ros/humble/include/rclcpp/rclcpp/executor_options.hpp:20[m[K,
[2.795s]                  from [01m[K/opt/ros/humble/include/rclcpp/rclcpp/executor.hpp:37[m[K,
[2.795s]                  from [01m[K/opt/ros/humble/include/rclcpp/rclcpp/executors/multi_threaded_executor.hpp:25[m[K,
[2.795s]                  from [01m[K/opt/ros/humble/include/rclcpp/rclcpp/executors.hpp:21[m[K,
[2.795s]                  from [01m[K/opt/ros/humble/include/rclcpp/rclcpp/rclcpp.hpp:155[m[K,
[2.795s]                  from [01m[K/home/ubuntu/Desktop/Ak8064_TEST/src/motor_driver/src/22_5_Test.cpp:568[m[K:
[2.795s] [01m[K/home/ubuntu/Desktop/Ak8064_TEST/src/motor_driver/src/22_5_Test.cpp:775:33:[m[K [01;31m[Kerror: [m[Kinvalid use of incomplete type â€˜[01m[Kclass MotorController[m[Kâ€™
[2.795s]   775 |                     RCLCPP_INFO([01;31m[Kcontroller[m[K.getLogger(), "Motor 0x%02X: All targets reached.",
[2.795s]       |                                 [01;31m[K^~~~~~~~~~[m[K
[2.795s] [01m[K/home/ubuntu/Desktop/Ak8064_TEST/src/motor_driver/src/22_5_Test.cpp:719:32:[m[K [01;36m[Knote: [m[Kforward declaration of â€˜[01m[Kclass MotorController[m[Kâ€™
[2.795s]   719 |     virtual void control(class [01;36m[KMotorController[m[K& controller, const MotorData& data) = 0;
[2.795s]       |                                [01;36m[K^~~~~~~~~~~~~~~[m[K
[2.796s] In file included from [01m[K/opt/ros/humble/include/rclcpp/rclcpp/client.hpp:40[m[K,
[2.796s]                  from [01m[K/opt/ros/humble/include/rclcpp/rclcpp/callback_group.hpp:24[m[K,
[2.796s]                  from [01m[K/opt/ros/humble/include/rclcpp/rclcpp/any_executable.hpp:20[m[K,
[2.796s]                  from [01m[K/opt/ros/humble/include/rclcpp/rclcpp/memory_strategy.hpp:25[m[K,
[2.796s]                  from [01m[K/opt/ros/humble/include/rclcpp/rclcpp/memory_strategies.hpp:18[m[K,
[2.796s]                  from [01m[K/opt/ros/humble/include/rclcpp/rclcpp/executor_options.hpp:20[m[K,
[2.796s]                  from [01m[K/opt/ros/humble/include/rclcpp/rclcpp/executor.hpp:37[m[K,
[2.796s]                  from [01m[K/opt/ros/humble/include/rclcpp/rclcpp/executors/multi_threaded_executor.hpp:25[m[K,
[2.796s]                  from [01m[K/opt/ros/humble/include/rclcpp/rclcpp/executors.hpp:21[m[K,
[2.796s]                  from [01m[K/opt/ros/humble/include/rclcpp/rclcpp/rclcpp.hpp:155[m[K,
[2.796s]                  from [01m[K/home/ubuntu/Desktop/Ak8064_TEST/src/motor_driver/src/22_5_Test.cpp:568[m[K:
[2.796s] [01m[K/home/ubuntu/Desktop/Ak8064_TEST/src/motor_driver/src/22_5_Test.cpp:775:21:[m[K [01;31m[Kerror: [m[Ktemplate argument 1 is invalid
[2.796s]   775 |                     [01;31m[KRCLCPP_INFO[m[K(controller.getLogger(), "Motor 0x%02X: All targets reached.",
[2.797s]       |                     [01;31m[K^~~~~~~~~~~[m[K
[2.797s] [01m[K/home/ubuntu/Desktop/Ak8064_TEST/src/motor_driver/src/22_5_Test.cpp:775:21:[m[K [01;31m[Kerror: [m[Ktemplate argument 1 is invalid
[2.797s]   775 |                     [01;31m[KRCLCPP_INFO[m[K(controller.getLogger(), "Motor 0x%02X: All targets reached.",
[2.797s]       |                     [01;31m[K^~~~~~~~~~~[m[K
[2.797s] [01m[K/home/ubuntu/Desktop/Ak8064_TEST/src/motor_driver/src/22_5_Test.cpp:775:21:[m[K [01;31m[Kerror: [m[Ktemplate argument 1 is invalid
[2.797s]   775 |                     [01;31m[KRCLCPP_INFO[m[K(controller.getLogger(), "Motor 0x%02X: All targets reached.",
[2.797s]       |                     [01;31m[K^~~~~~~~~~~[m[K
[2.797s] In file included from [01m[K/opt/ros/humble/include/rclcpp/rclcpp/logging.hpp:24[m[K,
[2.797s]                  from [01m[K/opt/ros/humble/include/rclcpp/rclcpp/client.hpp:40[m[K,
[2.797s]                  from [01m[K/opt/ros/humble/include/rclcpp/rclcpp/callback_group.hpp:24[m[K,
[2.797s]                  from [01m[K/opt/ros/humble/include/rclcpp/rclcpp/any_executable.hpp:20[m[K,
[2.797s]                  from [01m[K/opt/ros/humble/include/rclcpp/rclcpp/memory_strategy.hpp:25[m[K,
[2.797s]                  from [01m[K/opt/ros/humble/include/rclcpp/rclcpp/memory_strategies.hpp:18[m[K,
[2.797s]                  from [01m[K/opt/ros/humble/include/rclcpp/rclcpp/executor_options.hpp:20[m[K,
[2.797s]                  from [01m[K/opt/ros/humble/include/rclcpp/rclcpp/executor.hpp:37[m[K,
[2.797s]                  from [01m[K/opt/ros/humble/include/rclcpp/rclcpp/executors/multi_threaded_executor.hpp:25[m[K,
[2.797s]                  from [01m[K/opt/ros/humble/include/rclcpp/rclcpp/executors.hpp:21[m[K,
[2.797s]                  from [01m[K/opt/ros/humble/include/rclcpp/rclcpp/rclcpp.hpp:155[m[K,
[2.798s]                  from [01m[K/home/ubuntu/Desktop/Ak8064_TEST/src/motor_driver/src/22_5_Test.cpp:568[m[K:
[2.798s] [01m[K/home/ubuntu/Desktop/Ak8064_TEST/src/motor_driver/src/22_5_Test.cpp:775:33:[m[K [01;31m[Kerror: [m[Kinvalid use of incomplete type â€˜[01m[Kclass MotorController[m[Kâ€™
[2.798s]   775 |                     RCLCPP_INFO([01;31m[Kcontroller[m[K.getLogger(), "Motor 0x%02X: All targets reached.",
[2.798s]       |                                 [01;31m[K^~~~~~~~~~[m[K
[2.798s] [01m[K/home/ubuntu/Desktop/Ak8064_TEST/src/motor_driver/src/22_5_Test.cpp:719:32:[m[K [01;36m[Knote: [m[Kforward declaration of â€˜[01m[Kclass MotorController[m[Kâ€™
[2.798s]   719 |     virtual void control(class [01;36m[KMotorController[m[K& controller, const MotorData& data) = 0;
[2.798s]       |                                [01;36m[K^~~~~~~~~~~~~~~[m[K
[2.798s] In file included from [01m[K/opt/ros/humble/include/rclcpp/rclcpp/logging.hpp:24[m[K,
[2.798s]                  from [01m[K/opt/ros/humble/include/rclcpp/rclcpp/client.hpp:40[m[K,
[2.798s]                  from [01m[K/opt/ros/humble/include/rclcpp/rclcpp/callback_group.hpp:24[m[K,
[2.798s]                  from [01m[K/opt/ros/humble/include/rclcpp/rclcpp/any_executable.hpp:20[m[K,
[2.798s]                  from [01m[K/opt/ros/humble/include/rclcpp/rclcpp/memory_strategy.hpp:25[m[K,
[2.798s]                  from [01m[K/opt/ros/humble/include/rclcpp/rclcpp/memory_strategies.hpp:18[m[K,
[2.798s]                  from [01m[K/opt/ros/humble/include/rclcpp/rclcpp/executor_options.hpp:20[m[K,
[2.798s]                  from [01m[K/opt/ros/humble/include/rclcpp/rclcpp/executor.hpp:37[m[K,
[2.798s]                  from [01m[K/opt/ros/humble/include/rclcpp/rclcpp/executors/multi_threaded_executor.hpp:25[m[K,
[2.798s]                  from [01m[K/opt/ros/humble/include/rclcpp/rclcpp/executors.hpp:21[m[K,
[2.798s]                  from [01m[K/opt/ros/humble/include/rclcpp/rclcpp/rclcpp.hpp:155[m[K,
[2.799s]                  from [01m[K/home/ubuntu/Desktop/Ak8064_TEST/src/motor_driver/src/22_5_Test.cpp:568[m[K:
[2.799s] [01m[K/home/ubuntu/Desktop/Ak8064_TEST/src/motor_driver/src/22_5_Test.cpp:775:33:[m[K [01;31m[Kerror: [m[Kinvalid use of incomplete type â€˜[01m[Kclass MotorController[m[Kâ€™
[2.799s]   775 |                     RCLCPP_INFO([01;31m[Kcontroller[m[K.getLogger(), "Motor 0x%02X: All targets reached.",
[2.799s]       |                                 [01;31m[K^~~~~~~~~~[m[K
[2.799s] [01m[K/home/ubuntu/Desktop/Ak8064_TEST/src/motor_driver/src/22_5_Test.cpp:719:32:[m[K [01;36m[Knote: [m[Kforward declaration of â€˜[01m[Kclass MotorController[m[Kâ€™
[2.799s]   719 |     virtual void control(class [01;36m[KMotorController[m[K& controller, const MotorData& data) = 0;
[2.799s]       |                                [01;36m[K^~~~~~~~~~~~~~~[m[K
[2.799s] In file included from [01m[K/opt/ros/humble/include/rclcpp/rclcpp/logging.hpp:24[m[K,
[2.799s]                  from [01m[K/opt/ros/humble/include/rclcpp/rclcpp/client.hpp:40[m[K,
[2.799s]                  from [01m[K/opt/ros/humble/include/rclcpp/rclcpp/callback_group.hpp:24[m[K,
[2.799s]                  from [01m[K/opt/ros/humble/include/rclcpp/rclcpp/any_executable.hpp:20[m[K,
[2.799s]                  from [01m[K/opt/ros/humble/include/rclcpp/rclcpp/memory_strategy.hpp:25[m[K,
[2.799s]                  from [01m[K/opt/ros/humble/include/rclcpp/rclcpp/memory_strategies.hpp:18[m[K,
[2.799s]                  from [01m[K/opt/ros/humble/include/rclcpp/rclcpp/executor_options.hpp:20[m[K,
[2.799s]                  from [01m[K/opt/ros/humble/include/rclcpp/rclcpp/executor.hpp:37[m[K,
[2.799s]                  from [01m[K/opt/ros/humble/include/rclcpp/rclcpp/executors/multi_threaded_executor.hpp:25[m[K,
[2.799s]                  from [01m[K/opt/ros/humble/include/rclcpp/rclcpp/executors.hpp:21[m[K,
[2.799s]                  from [01m[K/opt/ros/humble/include/rclcpp/rclcpp/rclcpp.hpp:155[m[K,
[2.799s]                  from [01m[K/home/ubuntu/Desktop/Ak8064_TEST/src/motor_driver/src/22_5_Test.cpp:568[m[K:
[2.799s] [01m[K/home/ubuntu/Desktop/Ak8064_TEST/src/motor_driver/src/22_5_Test.cpp:776:33:[m[K [01;31m[Kerror: [m[Kinvalid use of incomplete type â€˜[01m[Kclass MotorController[m[Kâ€™
[2.800s]   776 |                                 [01;31m[Kcontroller[m[K.getMotorId());
[2.800s]       |                                 [01;31m[K^~~~~~~~~~[m[K
[2.800s] [01m[K/home/ubuntu/Desktop/Ak8064_TEST/src/motor_driver/src/22_5_Test.cpp:719:32:[m[K [01;36m[Knote: [m[Kforward declaration of â€˜[01m[Kclass MotorController[m[Kâ€™
[2.800s]   719 |     virtual void control(class [01;36m[KMotorController[m[K& controller, const MotorData& data) = 0;
[2.800s]       |                                [01;36m[K^~~~~~~~~~~~~~~[m[K
[2.800s] [01m[K/home/ubuntu/Desktop/Ak8064_TEST/src/motor_driver/src/22_5_Test.cpp:780:13:[m[K [01;31m[Kerror: [m[Kinvalid use of incomplete type â€˜[01m[Kclass MotorController[m[Kâ€™
[2.800s]   780 |             [01;31m[Kcontroller[m[K.resetReachCounter();
[2.800s]       |             [01;31m[K^~~~~~~~~~[m[K
[2.800s] [01m[K/home/ubuntu/Desktop/Ak8064_TEST/src/motor_driver/src/22_5_Test.cpp:719:32:[m[K [01;36m[Knote: [m[Kforward declaration of â€˜[01m[Kclass MotorController[m[Kâ€™
[2.800s]   719 |     virtual void control(class [01;36m[KMotorController[m[K& controller, const MotorData& data) = 0;
[2.800s]       |                                [01;36m[K^~~~~~~~~~~~~~~[m[K
[2.800s] [01m[K/home/ubuntu/Desktop/Ak8064_TEST/src/motor_driver/src/22_5_Test.cpp:781:13:[m[K [01;31m[Kerror: [m[Kinvalid use of incomplete type â€˜[01m[Kclass MotorController[m[Kâ€™
[2.800s]   781 |             [01;31m[Kcontroller[m[K.setTargetReached(false);
[2.800s]       |             [01;31m[K^~~~~~~~~~[m[K
[2.800s] [01m[K/home/ubuntu/Desktop/Ak8064_TEST/src/motor_driver/src/22_5_Test.cpp:719:32:[m[K [01;36m[Knote: [m[Kforward declaration of â€˜[01m[Kclass MotorController[m[Kâ€™
[2.800s]   719 |     virtual void control(class [01;36m[KMotorController[m[K& controller, const MotorData& data) = 0;
[2.800s]       |                                [01;36m[K^~~~~~~~~~~~~~~[m[K
[2.800s] [01m[K/home/ubuntu/Desktop/Ak8064_TEST/src/motor_driver/src/22_5_Test.cpp:[m[K In member function â€˜[01m[Kvirtual void StoppedState::control(MotorController&, const MotorData&)[m[Kâ€™:
[2.800s] [01m[K/home/ubuntu/Desktop/Ak8064_TEST/src/motor_driver/src/22_5_Test.cpp:790:9:[m[K [01;31m[Kerror: [m[Kinvalid use of incomplete type â€˜[01m[Kclass MotorController[m[Kâ€™
[2.801s]   790 |         [01;31m[Kcontroller[m[K.stop();
[2.801s]       |         [01;31m[K^~~~~~~~~~[m[K
[2.801s] [01m[K/home/ubuntu/Desktop/Ak8064_TEST/src/motor_driver/src/22_5_Test.cpp:719:32:[m[K [01;36m[Knote: [m[Kforward declaration of â€˜[01m[Kclass MotorController[m[Kâ€™
[2.801s]   719 |     virtual void control(class [01;36m[KMotorController[m[K& controller, const MotorData& data) = 0;
[2.801s]       |                                [01;36m[K^~~~~~~~~~~~~~~[m[K
[5.583s] gmake[2]: *** [CMakeFiles/Test.dir/build.make:76: CMakeFiles/Test.dir/src/22_5_Test.cpp.o] Error 1
[5.583s] gmake[1]: *** [CMakeFiles/Makefile2:193: CMakeFiles/Test.dir/all] Error 2
[5.583s] gmake[1]: *** Waiting for unfinished jobs....
[6.060s] [ 83%] [32m[1mLinking CXX executable ControlMotor[0m
[6.379s] [ 83%] Built target ControlMotor
[6.380s] gmake: *** [Makefile:146: all] Error 2
[6.382s] Invoked command in '/home/ubuntu/Desktop/Ak8064_TEST/build/motor_driver' returned '2': AMENT_PREFIX_PATH=/home/ubuntu/Desktop/Ak8064_TEST/install/can_interface:${AMENT_PREFIX_PATH} CMAKE_PREFIX_PATH=/home/ubuntu/Desktop/Ak8064_TEST/install/can_interface:/opt/ros/humble LD_LIBRARY_PATH=/home/ubuntu/Desktop/Ak8064_TEST/install/can_interface/lib:${LD_LIBRARY_PATH} /usr/bin/cmake --build /home/ubuntu/Desktop/Ak8064_TEST/build/motor_driver -- -j8 -l8
