[35m[1mConsolidate compiler generated dependencies of target Test[0m
[ 60%] Built target SetOMotor
[ 60%] Built target RPMTest
[ 60%] Built target ControlMotor
[ 80%] Built target TestMes
[ 90%] [32mBuilding CXX object CMakeFiles/Test.dir/src/22_5_Test.cpp.o[0m
[01m[K/home/ubuntu/Desktop/Ak8064_TEST/src/motor_driver/src/22_5_Test.cpp:[m[K In member function â€˜[01m[Kvirtual void MotorController::handleCommand(const string&)[m[Kâ€™:
[01m[K/home/ubuntu/Desktop/Ak8064_TEST/src/motor_driver/src/22_5_Test.cpp:872:13:[m[K [01;31m[Kerror: [m[Kâ€˜[01m[Ktarget_position_[m[Kâ€™ was not declared in this scope; did you mean â€˜[01m[Ktarget_positions_[m[Kâ€™?
  872 |             [01;31m[Ktarget_position_[m[K = last_data_.position + step_;
      |             [01;31m[K^~~~~~~~~~~~~~~~[m[K
      |             [32m[Ktarget_positions_[m[K
[01m[K/home/ubuntu/Desktop/Ak8064_TEST/src/motor_driver/src/22_5_Test.cpp:886:13:[m[K [01;31m[Kerror: [m[Kâ€˜[01m[Ktarget_position_[m[Kâ€™ was not declared in this scope; did you mean â€˜[01m[Ktarget_positions_[m[Kâ€™?
  886 |             [01;31m[Ktarget_position_[m[K = last_data_.position - step_;
      |             [01;31m[K^~~~~~~~~~~~~~~~[m[K
      |             [32m[Ktarget_positions_[m[K
[01m[K/home/ubuntu/Desktop/Ak8064_TEST/src/motor_driver/src/22_5_Test.cpp:935:17:[m[K [01;31m[Kerror: [m[Kâ€˜[01m[Ktarget_position_[m[Kâ€™ was not declared in this scope; did you mean â€˜[01m[Ktarget_positions_[m[Kâ€™?
  935 |                 [01;31m[Ktarget_position_[m[K = resume_position;
      |                 [01;31m[K^~~~~~~~~~~~~~~~[m[K
      |                 [32m[Ktarget_positions_[m[K
[01m[K/home/ubuntu/Desktop/Ak8064_TEST/src/motor_driver/src/22_5_Test.cpp:[m[K In member function â€˜[01m[Kvirtual void MotorController::control(const MotorData&)[m[Kâ€™:
[01m[K/home/ubuntu/Desktop/Ak8064_TEST/src/motor_driver/src/22_5_Test.cpp:995:55:[m[K [01;31m[Kerror: [m[Kâ€˜[01m[Ktarget_position_[m[Kâ€™ was not declared in this scope; did you mean â€˜[01m[Ktarget_positions_[m[Kâ€™?
  995 |                     can_->setPositionSpeed(motor_id_, [01;31m[Ktarget_position_[m[K, static_cast<int>(speed_), static_cast<int>(accel_));
      |                                                       [01;31m[K^~~~~~~~~~~~~~~~[m[K
      |                                                       [32m[Ktarget_positions_[m[K
gmake[2]: *** [CMakeFiles/Test.dir/build.make:76: CMakeFiles/Test.dir/src/22_5_Test.cpp.o] Error 1
gmake[1]: *** [CMakeFiles/Makefile2:197: CMakeFiles/Test.dir/all] Error 2
gmake: *** [Makefile:146: all] Error 2
