[0.006s] Invoking command in '/home/ubuntu/Desktop/Ak8064_TEST/build/motor_driver': CMAKE_PREFIX_PATH=/home/ubuntu/Desktop/Ak8064_TEST/install/can_interface:/home/ubuntu/Desktop/Ak8064_TEST/install/motor_driver:/opt/ros/humble /usr/bin/cmake --build /home/ubuntu/Desktop/Ak8064_TEST/build/motor_driver -- -j8 -l8
[0.036s] [35m[1mConsolidate compiler generated dependencies of target Test[0m
[0.045s] [ 10%] [32mBuilding CXX object CMakeFiles/TestMes.dir/src/TestMes.cpp.o[0m
[0.045s] [ 30%] Built target ControlMotor
[0.045s] [ 50%] Built target SetOMotor
[0.048s] [ 70%] Built target RPMTest
[0.053s] [ 90%] Built target Test
[1.637s] [01m[K/home/ubuntu/Desktop/Ak8064_TEST/src/motor_driver/src/TestMes.cpp:47:2:[m[K [01;31m[Kerror: [m[Kexpected â€˜[01m[K}[m[Kâ€™ at end of input
[1.637s]    47 | }
[1.637s]       |  [01;31m[K^[m[K
[1.637s] [01m[K/home/ubuntu/Desktop/Ak8064_TEST/src/motor_driver/src/TestMes.cpp:6:42:[m[K [01;36m[Knote: [m[Kto match this â€˜[01m[K{[m[Kâ€™
[1.637s]     6 | class CmdSimulator : public rclcpp::Node [01;36m[K{[m[K
[1.637s]       |                                          [01;36m[K^[m[K
[1.652s] [01m[K/home/ubuntu/Desktop/Ak8064_TEST/src/motor_driver/src/TestMes.cpp:[m[K In constructor â€˜[01m[KCmdSimulator::CmdSimulator()[m[Kâ€™:
[1.653s] [01m[K/home/ubuntu/Desktop/Ak8064_TEST/src/motor_driver/src/TestMes.cpp:10:9:[m[K [01;31m[Kerror: [m[Kâ€˜[01m[Kmotor1_pub_[m[Kâ€™ was not declared in this scope
[1.653s]    10 |         [01;31m[Kmotor1_pub_[m[K = create_publisher<std_msgs::msg::String>("/Motor1ControlCMD", 10);
[1.653s]       |         [01;31m[K^~~~~~~~~~~[m[K
[1.662s] [01m[K/home/ubuntu/Desktop/Ak8064_TEST/src/motor_driver/src/TestMes.cpp:11:9:[m[K [01;31m[Kerror: [m[Kâ€˜[01m[Kmotor2_pub_[m[Kâ€™ was not declared in this scope
[1.662s]    11 |         [01;31m[Kmotor2_pub_[m[K = create_publisher<std_msgs::msg::String>("/Motor2ControlCMD", 10);
[1.662s]       |         [01;31m[K^~~~~~~~~~~[m[K
[1.666s] [01m[K/home/ubuntu/Desktop/Ak8064_TEST/src/motor_driver/src/TestMes.cpp:14:9:[m[K [01;31m[Kerror: [m[Kâ€˜[01m[Ktimer_[m[Kâ€™ was not declared in this scope; did you mean â€˜[01m[Ktimer_t[m[Kâ€™?
[1.666s]    14 |         [01;31m[Ktimer_[m[K = create_wall_timer(std::chrono::seconds(2),
[1.666s]       |         [01;31m[K^~~~~~[m[K
[1.666s]       |         [32m[Ktimer_t[m[K
[1.666s] [01m[K/home/ubuntu/Desktop/Ak8064_TEST/src/motor_driver/src/TestMes.cpp:15:60:[m[K [01;31m[Kerror: [m[Kâ€˜[01m[KsendCommands[m[Kâ€™ is not a member of â€˜[01m[KCmdSimulator[m[Kâ€™
[1.666s]    15 |                                   std::bind(&CmdSimulator::[01;31m[KsendCommands[m[K, this));
[1.666s]       |                                                            [01;31m[K^~~~~~~~~~~~[m[K
[1.666s] [01m[K/home/ubuntu/Desktop/Ak8064_TEST/src/motor_driver/src/TestMes.cpp:19:1:[m[K [01;31m[Kerror: [m[Kexpected primary-expression before â€˜[01m[Kprivate[m[Kâ€™
[1.666s]    19 | [01;31m[Kprivate[m[K:
[1.666s]       | [01;31m[K^~~~~~~[m[K
[1.669s] [01m[K/home/ubuntu/Desktop/Ak8064_TEST/src/motor_driver/src/TestMes.cpp:[m[K At global scope:
[1.669s] [01m[K/home/ubuntu/Desktop/Ak8064_TEST/src/motor_driver/src/TestMes.cpp:47:2:[m[K [01;31m[Kerror: [m[Kexpected unqualified-id at end of input
[1.670s]    47 | }
[1.670s]       |  [01;31m[K^[m[K
[2.133s] gmake[2]: *** [CMakeFiles/TestMes.dir/build.make:76: CMakeFiles/TestMes.dir/src/TestMes.cpp.o] Error 1
[2.133s] gmake[1]: *** [CMakeFiles/Makefile2:223: CMakeFiles/TestMes.dir/all] Error 2
[2.133s] gmake: *** [Makefile:146: all] Error 2
[2.134s] Invoked command in '/home/ubuntu/Desktop/Ak8064_TEST/build/motor_driver' returned '2': CMAKE_PREFIX_PATH=/home/ubuntu/Desktop/Ak8064_TEST/install/can_interface:/home/ubuntu/Desktop/Ak8064_TEST/install/motor_driver:/opt/ros/humble /usr/bin/cmake --build /home/ubuntu/Desktop/Ak8064_TEST/build/motor_driver -- -j8 -l8
